GowinSynthesis start
Running parser ...
Analyzing Verilog file 'D:\datos\proyectos\43_Tang_Nano_20k\95_MSXgoauld_tn20k\jtopl\jt2413.v'
Analyzing Verilog file 'D:\datos\proyectos\43_Tang_Nano_20k\95_MSXgoauld_tn20k\jtopl\jtopl.v'
Analyzing Verilog file 'D:\datos\proyectos\43_Tang_Nano_20k\95_MSXgoauld_tn20k\jtopl\jtopl2.v'
Analyzing Verilog file 'D:\datos\proyectos\43_Tang_Nano_20k\95_MSXgoauld_tn20k\jtopl\jtopl_acc.v'
Analyzing Verilog file 'D:\datos\proyectos\43_Tang_Nano_20k\95_MSXgoauld_tn20k\jtopl\jtopl_csr.v'
Analyzing Verilog file 'D:\datos\proyectos\43_Tang_Nano_20k\95_MSXgoauld_tn20k\jtopl\jtopl_div.v'
Analyzing Verilog file 'D:\datos\proyectos\43_Tang_Nano_20k\95_MSXgoauld_tn20k\jtopl\jtopl_eg.v'
Analyzing Verilog file 'D:\datos\proyectos\43_Tang_Nano_20k\95_MSXgoauld_tn20k\jtopl\jtopl_eg_cnt.v'
Analyzing Verilog file 'D:\datos\proyectos\43_Tang_Nano_20k\95_MSXgoauld_tn20k\jtopl\jtopl_eg_comb.v'
Analyzing Verilog file 'D:\datos\proyectos\43_Tang_Nano_20k\95_MSXgoauld_tn20k\jtopl\jtopl_eg_ctrl.v'
Analyzing Verilog file 'D:\datos\proyectos\43_Tang_Nano_20k\95_MSXgoauld_tn20k\jtopl\jtopl_eg_final.v'
Analyzing Verilog file 'D:\datos\proyectos\43_Tang_Nano_20k\95_MSXgoauld_tn20k\jtopl\jtopl_eg_pure.v'
Analyzing Verilog file 'D:\datos\proyectos\43_Tang_Nano_20k\95_MSXgoauld_tn20k\jtopl\jtopl_eg_step.v'
Analyzing Verilog file 'D:\datos\proyectos\43_Tang_Nano_20k\95_MSXgoauld_tn20k\jtopl\jtopl_exprom.v'
Analyzing Verilog file 'D:\datos\proyectos\43_Tang_Nano_20k\95_MSXgoauld_tn20k\jtopl\jtopl_lfo.v'
Analyzing Verilog file 'D:\datos\proyectos\43_Tang_Nano_20k\95_MSXgoauld_tn20k\jtopl\jtopl_logsin.v'
Analyzing Verilog file 'D:\datos\proyectos\43_Tang_Nano_20k\95_MSXgoauld_tn20k\jtopl\jtopl_mmr.v'
Analyzing Verilog file 'D:\datos\proyectos\43_Tang_Nano_20k\95_MSXgoauld_tn20k\jtopl\jtopl_noise.v'
Analyzing Verilog file 'D:\datos\proyectos\43_Tang_Nano_20k\95_MSXgoauld_tn20k\jtopl\jtopl_op.v'
Analyzing Verilog file 'D:\datos\proyectos\43_Tang_Nano_20k\95_MSXgoauld_tn20k\jtopl\jtopl_pg.v'
Analyzing Verilog file 'D:\datos\proyectos\43_Tang_Nano_20k\95_MSXgoauld_tn20k\jtopl\jtopl_pg_comb.v'
Analyzing Verilog file 'D:\datos\proyectos\43_Tang_Nano_20k\95_MSXgoauld_tn20k\jtopl\jtopl_pg_inc.v'
Analyzing Verilog file 'D:\datos\proyectos\43_Tang_Nano_20k\95_MSXgoauld_tn20k\jtopl\jtopl_pg_rhy.v'
Analyzing Verilog file 'D:\datos\proyectos\43_Tang_Nano_20k\95_MSXgoauld_tn20k\jtopl\jtopl_pg_sum.v'
Analyzing Verilog file 'D:\datos\proyectos\43_Tang_Nano_20k\95_MSXgoauld_tn20k\jtopl\jtopl_pm.v'
Analyzing Verilog file 'D:\datos\proyectos\43_Tang_Nano_20k\95_MSXgoauld_tn20k\jtopl\jtopl_reg.v'
Analyzing Verilog file 'D:\datos\proyectos\43_Tang_Nano_20k\95_MSXgoauld_tn20k\jtopl\jtopl_reg_ch.v'
Analyzing Verilog file 'D:\datos\proyectos\43_Tang_Nano_20k\95_MSXgoauld_tn20k\jtopl\jtopl_sh.v'
Analyzing Verilog file 'D:\datos\proyectos\43_Tang_Nano_20k\95_MSXgoauld_tn20k\jtopl\jtopl_sh_rst.v'
Analyzing Verilog file 'D:\datos\proyectos\43_Tang_Nano_20k\95_MSXgoauld_tn20k\jtopl\jtopl_single_acc.v'
Analyzing Verilog file 'D:\datos\proyectos\43_Tang_Nano_20k\95_MSXgoauld_tn20k\jtopl\jtopl_slot_cnt.v'
Analyzing Verilog file 'D:\datos\proyectos\43_Tang_Nano_20k\95_MSXgoauld_tn20k\jtopl\jtopl_timers.v'
Analyzing Verilog file 'D:\datos\proyectos\43_Tang_Nano_20k\95_MSXgoauld_tn20k\jtopl\jtopll_mmr.v'
Analyzing Verilog file 'D:\datos\proyectos\43_Tang_Nano_20k\95_MSXgoauld_tn20k\jtopl\jtopll_reg.v'
Analyzing Verilog file 'D:\datos\proyectos\43_Tang_Nano_20k\95_MSXgoauld_tn20k\jtopl\jtopll_reg_ch.v'
Analyzing Verilog file 'D:\datos\proyectos\43_Tang_Nano_20k\95_MSXgoauld_tn20k\msx_debug\timing_debug.v'
Analyzing included file 'D:\datos\proyectos\43_Tang_Nano_20k\95_MSXgoauld_tn20k\msx_debug\print.v'("D:\datos\proyectos\43_Tang_Nano_20k\95_MSXgoauld_tn20k\msx_debug\timing_debug.v":146)
Back to file 'D:\datos\proyectos\43_Tang_Nano_20k\95_MSXgoauld_tn20k\msx_debug\timing_debug.v'("D:\datos\proyectos\43_Tang_Nano_20k\95_MSXgoauld_tn20k\msx_debug\timing_debug.v":146)
Analyzing Verilog file 'D:\datos\proyectos\43_Tang_Nano_20k\95_MSXgoauld_tn20k\pulse_min_max\pulse_max.v'
Analyzing Verilog file 'D:\datos\proyectos\43_Tang_Nano_20k\95_MSXgoauld_tn20k\pulse_min_max\pulse_min.v'
Analyzing Verilog file 'D:\datos\proyectos\43_Tang_Nano_20k\95_MSXgoauld_tn20k\src\bios_msx2p.v'
Analyzing Verilog file 'D:\datos\proyectos\43_Tang_Nano_20k\95_MSXgoauld_tn20k\src\gowin\clk_108p.v'
Analyzing Verilog file 'D:\datos\proyectos\43_Tang_Nano_20k\95_MSXgoauld_tn20k\src\gowin_clkdiv\gowin_clkdiv.v'
Analyzing Verilog file 'D:\datos\proyectos\43_Tang_Nano_20k\95_MSXgoauld_tn20k\src\impulse.v'
Analyzing Verilog file 'D:\datos\proyectos\43_Tang_Nano_20k\95_MSXgoauld_tn20k\src\logo_fm.v'
Analyzing Verilog file 'D:\datos\proyectos\43_Tang_Nano_20k\95_MSXgoauld_tn20k\src\megaram.v'
Analyzing Verilog file 'D:\datos\proyectos\43_Tang_Nano_20k\95_MSXgoauld_tn20k\src\memory.v'
Analyzing Verilog file 'D:\datos\proyectos\43_Tang_Nano_20k\95_MSXgoauld_tn20k\src\msx2p_debug.v'
Analyzing included file 'D:\datos\proyectos\43_Tang_Nano_20k\95_MSXgoauld_tn20k\src\print.v'("D:\datos\proyectos\43_Tang_Nano_20k\95_MSXgoauld_tn20k\src\msx2p_debug.v":297)
Back to file 'D:\datos\proyectos\43_Tang_Nano_20k\95_MSXgoauld_tn20k\src\msx2p_debug.v'("D:\datos\proyectos\43_Tang_Nano_20k\95_MSXgoauld_tn20k\src\msx2p_debug.v":297)
Analyzing Verilog file 'D:\datos\proyectos\43_Tang_Nano_20k\95_MSXgoauld_tn20k\src\ocm\rtc.v'
Analyzing Verilog file 'D:\datos\proyectos\43_Tang_Nano_20k\95_MSXgoauld_tn20k\src\psg_filter.v'
Analyzing Verilog file 'D:\datos\proyectos\43_Tang_Nano_20k\95_MSXgoauld_tn20k\src\subrom_msx2p.v'
Analyzing Verilog file 'D:\datos\proyectos\43_Tang_Nano_20k\95_MSXgoauld_tn20k\src\uart_tx.v'
Analyzing Verilog file 'D:\datos\proyectos\43_Tang_Nano_20k\95_MSXgoauld_tn20k\src\wondertang\crc16.v'
Analyzing Verilog file 'D:\datos\proyectos\43_Tang_Nano_20k\95_MSXgoauld_tn20k\src\wondertang\dpram.v'
Analyzing Verilog file 'D:\datos\proyectos\43_Tang_Nano_20k\95_MSXgoauld_tn20k\src\wondertang\flash.v'
Analyzing Verilog file 'D:\datos\proyectos\43_Tang_Nano_20k\95_MSXgoauld_tn20k\src\wondertang\pinfilter.v'
Analyzing Verilog file 'D:\datos\proyectos\43_Tang_Nano_20k\95_MSXgoauld_tn20k\src\wondertang\sd_reader.sv'
Analyzing Verilog file 'D:\datos\proyectos\43_Tang_Nano_20k\95_MSXgoauld_tn20k\src\wondertang\sdcmd_ctrl.sv'
Analyzing Verilog file 'D:\datos\proyectos\43_Tang_Nano_20k\95_MSXgoauld_tn20k\tn_vdp_v3_v9958\src\clockdiv.v'
Analyzing Verilog file 'D:\datos\proyectos\43_Tang_Nano_20k\95_MSXgoauld_tn20k\tn_vdp_v3_v9958\src\gowin\clk_135.v'
Analyzing Verilog file 'D:\datos\proyectos\43_Tang_Nano_20k\95_MSXgoauld_tn20k\tn_vdp_v3_v9958\src\hdmi\audio_clock_regeneration_packet.sv'
WARN  (EX2478) : Non-net output port 'clk_audio_counter_wrap' cannot be initialized at declaration in SystemVerilog mode("D:\datos\proyectos\43_Tang_Nano_20k\95_MSXgoauld_tn20k\tn_vdp_v3_v9958\src\hdmi\audio_clock_regeneration_packet.sv":13)
Analyzing Verilog file 'D:\datos\proyectos\43_Tang_Nano_20k\95_MSXgoauld_tn20k\tn_vdp_v3_v9958\src\hdmi\audio_info_frame.sv'
Analyzing Verilog file 'D:\datos\proyectos\43_Tang_Nano_20k\95_MSXgoauld_tn20k\tn_vdp_v3_v9958\src\hdmi\audio_sample_packet.sv'
Analyzing Verilog file 'D:\datos\proyectos\43_Tang_Nano_20k\95_MSXgoauld_tn20k\tn_vdp_v3_v9958\src\hdmi\auxiliary_video_information_info_frame.sv'
Analyzing Verilog file 'D:\datos\proyectos\43_Tang_Nano_20k\95_MSXgoauld_tn20k\tn_vdp_v3_v9958\src\hdmi\hdmi.sv'
WARN  (EX3628) : Redeclaration of ANSI port 'tmds_internal' is not allowed("D:\datos\proyectos\43_Tang_Nano_20k\95_MSXgoauld_tn20k\tn_vdp_v3_v9958\src\hdmi\hdmi.sv":363)
WARN  (EX2478) : Non-net output port 'cx' cannot be initialized at declaration in SystemVerilog mode("D:\datos\proyectos\43_Tang_Nano_20k\95_MSXgoauld_tn20k\tn_vdp_v3_v9958\src\hdmi\hdmi.sv":82)
WARN  (EX2478) : Non-net output port 'cy' cannot be initialized at declaration in SystemVerilog mode("D:\datos\proyectos\43_Tang_Nano_20k\95_MSXgoauld_tn20k\tn_vdp_v3_v9958\src\hdmi\hdmi.sv":83)
Analyzing Verilog file 'D:\datos\proyectos\43_Tang_Nano_20k\95_MSXgoauld_tn20k\tn_vdp_v3_v9958\src\hdmi\packet_assembler.sv'
WARN  (EX2478) : Non-net output port 'counter' cannot be initialized at declaration in SystemVerilog mode("D:\datos\proyectos\43_Tang_Nano_20k\95_MSXgoauld_tn20k\tn_vdp_v3_v9958\src\hdmi\packet_assembler.sv":11)
Analyzing Verilog file 'D:\datos\proyectos\43_Tang_Nano_20k\95_MSXgoauld_tn20k\tn_vdp_v3_v9958\src\hdmi\packet_picker.sv'
Analyzing Verilog file 'D:\datos\proyectos\43_Tang_Nano_20k\95_MSXgoauld_tn20k\tn_vdp_v3_v9958\src\hdmi\serializer.sv'
WARN  (EX3182) : Initial value of parameter 'VIDEO_RATE' is omitted("D:\datos\proyectos\43_Tang_Nano_20k\95_MSXgoauld_tn20k\tn_vdp_v3_v9958\src\hdmi\serializer.sv":6)
Analyzing Verilog file 'D:\datos\proyectos\43_Tang_Nano_20k\95_MSXgoauld_tn20k\tn_vdp_v3_v9958\src\hdmi\source_product_description_info_frame.sv'
Analyzing Verilog file 'D:\datos\proyectos\43_Tang_Nano_20k\95_MSXgoauld_tn20k\tn_vdp_v3_v9958\src\hdmi\tmds_channel.sv'
WARN  (EX2478) : Non-net output port 'tmds' cannot be initialized at declaration in SystemVerilog mode("D:\datos\proyectos\43_Tang_Nano_20k\95_MSXgoauld_tn20k\tn_vdp_v3_v9958\src\hdmi\tmds_channel.sv":16)
Analyzing Verilog file 'D:\datos\proyectos\43_Tang_Nano_20k\95_MSXgoauld_tn20k\tn_vdp_v3_v9958\src\memory_controller.v'
Analyzing Verilog file 'D:\datos\proyectos\43_Tang_Nano_20k\95_MSXgoauld_tn20k\tn_vdp_v3_v9958\src\sdram.v'
Analyzing Verilog file 'D:\datos\proyectos\43_Tang_Nano_20k\95_MSXgoauld_tn20k\tn_vdp_v3_v9958\src\v9958_top.v'
Undeclared symbol 'clk_108m', assumed default net type 'wire'("D:\datos\proyectos\43_Tang_Nano_20k\95_MSXgoauld_tn20k\tn_vdp_v3_v9958\src\v9958_top.v":67)
Undeclared symbol 'clk_108m_n', assumed default net type 'wire'("D:\datos\proyectos\43_Tang_Nano_20k\95_MSXgoauld_tn20k\tn_vdp_v3_v9958\src\v9958_top.v":68)
Undeclared symbol 'rst_n', assumed default net type 'wire'("D:\datos\proyectos\43_Tang_Nano_20k\95_MSXgoauld_tn20k\tn_vdp_v3_v9958\src\v9958_top.v":134)
Undeclared symbol 'clk_135', assumed default net type 'wire'("D:\datos\proyectos\43_Tang_Nano_20k\95_MSXgoauld_tn20k\tn_vdp_v3_v9958\src\v9958_top.v":139)
Undeclared symbol 'cpuclk_w', assumed default net type 'wire'("D:\datos\proyectos\43_Tang_Nano_20k\95_MSXgoauld_tn20k\tn_vdp_v3_v9958\src\v9958_top.v":362)
Undeclared symbol 'clk_audio_w', assumed default net type 'wire'("D:\datos\proyectos\43_Tang_Nano_20k\95_MSXgoauld_tn20k\tn_vdp_v3_v9958\src\v9958_top.v":429)
Analyzing Verilog file 'D:\datos\proyectos\43_Tang_Nano_20k\95_MSXgoauld_tn20k\tn_vdp_v3_v9958\src\vram.v'
Analyzing Verilog file 'D:\datos\proyectos\43_Tang_Nano_20k\95_MSXgoauld_tn20k\top.v'
Undeclared symbol 'clk_54m', assumed default net type 'wire'("D:\datos\proyectos\43_Tang_Nano_20k\95_MSXgoauld_tn20k\top.v":127)
WARN  (EX3638) : 'clk_54m' is already implicitly declared on line 127("D:\datos\proyectos\43_Tang_Nano_20k\95_MSXgoauld_tn20k\top.v":176)
Undeclared symbol 'config_reset', assumed default net type 'wire'("D:\datos\proyectos\43_Tang_Nano_20k\95_MSXgoauld_tn20k\top.v":206)
Undeclared symbol 'flash_wait_n', assumed default net type 'wire'("D:\datos\proyectos\43_Tang_Nano_20k\95_MSXgoauld_tn20k\top.v":573)
Undeclared symbol 'vdp_int', assumed default net type 'wire'("D:\datos\proyectos\43_Tang_Nano_20k\95_MSXgoauld_tn20k\top.v":578)
WARN  (EX3638) : 'vdp_int' is already implicitly declared on line 578("D:\datos\proyectos\43_Tang_Nano_20k\95_MSXgoauld_tn20k\top.v":789)
Undeclared symbol 'audio_sample', assumed default net type 'wire'("D:\datos\proyectos\43_Tang_Nano_20k\95_MSXgoauld_tn20k\top.v":820)
Undeclared symbol 'config_enable_scanlines', assumed default net type 'wire'("D:\datos\proyectos\43_Tang_Nano_20k\95_MSXgoauld_tn20k\top.v":829)
Undeclared symbol 'VrmDbi2', assumed default net type 'wire'("D:\datos\proyectos\43_Tang_Nano_20k\95_MSXgoauld_tn20k\top.v":838)
WARN  (EX3638) : 'VrmDbi2' is already implicitly declared on line 838("D:\datos\proyectos\43_Tang_Nano_20k\95_MSXgoauld_tn20k\top.v":913)
Undeclared symbol 'megaram_req', assumed default net type 'wire'("D:\datos\proyectos\43_Tang_Nano_20k\95_MSXgoauld_tn20k\top.v":926)
Undeclared symbol 'megaram_wrt', assumed default net type 'wire'("D:\datos\proyectos\43_Tang_Nano_20k\95_MSXgoauld_tn20k\top.v":927)
Undeclared symbol 'megaram_addr', assumed default net type 'wire'("D:\datos\proyectos\43_Tang_Nano_20k\95_MSXgoauld_tn20k\top.v":929)
WARN  (EX2830) : Data object 'psgPB' is already declared("D:\datos\proyectos\43_Tang_Nano_20k\95_MSXgoauld_tn20k\top.v":971)
Previous declaration of 'psgPB' is from here("D:\datos\proyectos\43_Tang_Nano_20k\95_MSXgoauld_tn20k\top.v":964)
WARN  (EX3671) : Second declaration of 'psgPB' is ignored("D:\datos\proyectos\43_Tang_Nano_20k\95_MSXgoauld_tn20k\top.v":971)
WARN  (EX3796) : 'psgPB' was previously declared with a range("D:\datos\proyectos\43_Tang_Nano_20k\95_MSXgoauld_tn20k\top.v":971)
WARN  (EX3638) : 'megaram_req' is already implicitly declared on line 926("D:\datos\proyectos\43_Tang_Nano_20k\95_MSXgoauld_tn20k\top.v":1103)
WARN  (EX3638) : 'megaram_wrt' is already implicitly declared on line 927("D:\datos\proyectos\43_Tang_Nano_20k\95_MSXgoauld_tn20k\top.v":1104)
WARN  (EX3638) : 'megaram_addr' is already implicitly declared on line 929("D:\datos\proyectos\43_Tang_Nano_20k\95_MSXgoauld_tn20k\top.v":1105)
Undeclared symbol 'scc_sound_disable', assumed default net type 'wire'("D:\datos\proyectos\43_Tang_Nano_20k\95_MSXgoauld_tn20k\top.v":1137)
WARN  (EX3638) : 'audio_sample' is already implicitly declared on line 820("D:\datos\proyectos\43_Tang_Nano_20k\95_MSXgoauld_tn20k\top.v":1145)
WARN  (EX3638) : 'config_enable_scanlines' is already implicitly declared on line 829("D:\datos\proyectos\43_Tang_Nano_20k\95_MSXgoauld_tn20k\top.v":1189)
WARN  (EX3638) : 'config_reset' is already implicitly declared on line 206("D:\datos\proyectos\43_Tang_Nano_20k\95_MSXgoauld_tn20k\top.v":1197)
WARN  (EX3638) : 'flash_wait_n' is already implicitly declared on line 573("D:\datos\proyectos\43_Tang_Nano_20k\95_MSXgoauld_tn20k\top.v":1345)
WARN  (EX2830) : Data object 'swio_req' is already declared("D:\datos\proyectos\43_Tang_Nano_20k\95_MSXgoauld_tn20k\top.v":1628)
Previous declaration of 'swio_req' is from here("D:\datos\proyectos\43_Tang_Nano_20k\95_MSXgoauld_tn20k\top.v":1625)
WARN  (EX3671) : Second declaration of 'swio_req' is ignored("D:\datos\proyectos\43_Tang_Nano_20k\95_MSXgoauld_tn20k\top.v":1628)
Undeclared symbol 'send', assumed default net type 'wire'("D:\datos\proyectos\43_Tang_Nano_20k\95_MSXgoauld_tn20k\top.v":1686)
Analyzing VHDL file 'D:\datos\proyectos\43_Tang_Nano_20k\95_MSXgoauld_tn20k\G80A\t80_pack.vhd'
Analyzing package 't80_pack'("D:\datos\proyectos\43_Tang_Nano_20k\95_MSXgoauld_tn20k\G80A\t80_pack.vhd":58)
Analyzing VHDL file 'D:\datos\proyectos\43_Tang_Nano_20k\95_MSXgoauld_tn20k\G80A\T80s.vhd'
Analyzing entity 't80s'("D:\datos\proyectos\43_Tang_Nano_20k\95_MSXgoauld_tn20k\G80A\T80s.vhd":73)
Analyzing architecture 'rtl'("D:\datos\proyectos\43_Tang_Nano_20k\95_MSXgoauld_tn20k\G80A\T80s.vhd":102)
Analyzing VHDL file 'D:\datos\proyectos\43_Tang_Nano_20k\95_MSXgoauld_tn20k\G80A\g80a.vhd'
Analyzing entity 'g80a'("D:\datos\proyectos\43_Tang_Nano_20k\95_MSXgoauld_tn20k\G80A\g80a.vhd":69)
Analyzing architecture 'rtl'("D:\datos\proyectos\43_Tang_Nano_20k\95_MSXgoauld_tn20k\G80A\g80a.vhd":99)
Analyzing VHDL file 'D:\datos\proyectos\43_Tang_Nano_20k\95_MSXgoauld_tn20k\G80A\t80.vhd'
Analyzing entity 't80'("D:\datos\proyectos\43_Tang_Nano_20k\95_MSXgoauld_tn20k\G80A\t80.vhd":73)
Analyzing architecture 'rtl'("D:\datos\proyectos\43_Tang_Nano_20k\95_MSXgoauld_tn20k\G80A\t80.vhd":114)
Analyzing VHDL file 'D:\datos\proyectos\43_Tang_Nano_20k\95_MSXgoauld_tn20k\G80A\t80_alu.vhd'
Analyzing entity 't80_alu'("D:\datos\proyectos\43_Tang_Nano_20k\95_MSXgoauld_tn20k\G80A\t80_alu.vhd":65)
Analyzing architecture 'rtl'("D:\datos\proyectos\43_Tang_Nano_20k\95_MSXgoauld_tn20k\G80A\t80_alu.vhd":92)
Analyzing VHDL file 'D:\datos\proyectos\43_Tang_Nano_20k\95_MSXgoauld_tn20k\G80A\t80_mcode.vhd'
Analyzing entity 't80_mcode'("D:\datos\proyectos\43_Tang_Nano_20k\95_MSXgoauld_tn20k\G80A\t80_mcode.vhd":71)
Analyzing architecture 'rtl'("D:\datos\proyectos\43_Tang_Nano_20k\95_MSXgoauld_tn20k\G80A\t80_mcode.vhd":143)
Analyzing VHDL file 'D:\datos\proyectos\43_Tang_Nano_20k\95_MSXgoauld_tn20k\G80A\t80_reg.vhd'
Analyzing entity 't80_reg'("D:\datos\proyectos\43_Tang_Nano_20k\95_MSXgoauld_tn20k\G80A\t80_reg.vhd":61)
Analyzing architecture 'rtl'("D:\datos\proyectos\43_Tang_Nano_20k\95_MSXgoauld_tn20k\G80A\t80_reg.vhd":81)
Analyzing VHDL file 'D:\datos\proyectos\43_Tang_Nano_20k\95_MSXgoauld_tn20k\PSG_YM2149\YM2149.vhdl'
Analyzing entity 'ym2149'("D:\datos\proyectos\43_Tang_Nano_20k\95_MSXgoauld_tn20k\PSG_YM2149\YM2149.vhdl":62)
Analyzing architecture 'rtl'("D:\datos\proyectos\43_Tang_Nano_20k\95_MSXgoauld_tn20k\PSG_YM2149\YM2149.vhdl":94)
Analyzing VHDL file 'D:\datos\proyectos\43_Tang_Nano_20k\95_MSXgoauld_tn20k\denoise\denoise.vhd'
Analyzing entity 'denoise'("D:\datos\proyectos\43_Tang_Nano_20k\95_MSXgoauld_tn20k\denoise\denoise.vhd":5)
Analyzing architecture 'rtl'("D:\datos\proyectos\43_Tang_Nano_20k\95_MSXgoauld_tn20k\denoise\denoise.vhd":15)
Analyzing VHDL file 'D:\datos\proyectos\43_Tang_Nano_20k\95_MSXgoauld_tn20k\monostable\monostable.vhd'
Analyzing entity 'monostable'("D:\datos\proyectos\43_Tang_Nano_20k\95_MSXgoauld_tn20k\monostable\monostable.vhd":7)
Analyzing architecture 'rtl'("D:\datos\proyectos\43_Tang_Nano_20k\95_MSXgoauld_tn20k\monostable\monostable.vhd":18)
Analyzing VHDL file 'D:\datos\proyectos\43_Tang_Nano_20k\95_MSXgoauld_tn20k\src\gowin_clkdiv2\gowin_clkdiv2.vhd'
Analyzing entity 'gowin_clkdiv2'("D:\datos\proyectos\43_Tang_Nano_20k\95_MSXgoauld_tn20k\src\gowin_clkdiv2\gowin_clkdiv2.vhd":13)
Analyzing architecture 'behavioral'("D:\datos\proyectos\43_Tang_Nano_20k\95_MSXgoauld_tn20k\src\gowin_clkdiv2\gowin_clkdiv2.vhd":21)
Analyzing VHDL file 'D:\datos\proyectos\43_Tang_Nano_20k\95_MSXgoauld_tn20k\src\ocm\lpf.vhd'
Analyzing entity 'lpf1'("D:\datos\proyectos\43_Tang_Nano_20k\95_MSXgoauld_tn20k\src\ocm\lpf.vhd":39)
Analyzing architecture 'rtl'("D:\datos\proyectos\43_Tang_Nano_20k\95_MSXgoauld_tn20k\src\ocm\lpf.vhd":52)
Analyzing entity 'lpf2'("D:\datos\proyectos\43_Tang_Nano_20k\95_MSXgoauld_tn20k\src\ocm\lpf.vhd":102)
Analyzing architecture 'rtl'("D:\datos\proyectos\43_Tang_Nano_20k\95_MSXgoauld_tn20k\src\ocm\lpf.vhd":115)
Analyzing entity 'interpo_mul'("D:\datos\proyectos\43_Tang_Nano_20k\95_MSXgoauld_tn20k\src\ocm\lpf.vhd":183)
Analyzing architecture 'rtl'("D:\datos\proyectos\43_Tang_Nano_20k\95_MSXgoauld_tn20k\src\ocm\lpf.vhd":194)
Analyzing entity 'interpo'("D:\datos\proyectos\43_Tang_Nano_20k\95_MSXgoauld_tn20k\src\ocm\lpf.vhd":206)
Analyzing architecture 'rtl'("D:\datos\proyectos\43_Tang_Nano_20k\95_MSXgoauld_tn20k\src\ocm\lpf.vhd":219)
Analyzing VHDL file 'D:\datos\proyectos\43_Tang_Nano_20k\95_MSXgoauld_tn20k\src\ocm\scc_wave2.vhd'
Analyzing entity 'scc_wave_mul'("D:\datos\proyectos\43_Tang_Nano_20k\95_MSXgoauld_tn20k\src\ocm\scc_wave2.vhd":39)
Analyzing architecture 'rtl'("D:\datos\proyectos\43_Tang_Nano_20k\95_MSXgoauld_tn20k\src\ocm\scc_wave2.vhd":47)
Analyzing entity 'scc_mix_mul'("D:\datos\proyectos\43_Tang_Nano_20k\95_MSXgoauld_tn20k\src\ocm\scc_wave2.vhd":59)
Analyzing architecture 'rtl'("D:\datos\proyectos\43_Tang_Nano_20k\95_MSXgoauld_tn20k\src\ocm\scc_wave2.vhd":67)
Analyzing entity 'scc_wave2'("D:\datos\proyectos\43_Tang_Nano_20k\95_MSXgoauld_tn20k\src\ocm\scc_wave2.vhd":79)
Analyzing architecture 'rtl'("D:\datos\proyectos\43_Tang_Nano_20k\95_MSXgoauld_tn20k\src\ocm\scc_wave2.vhd":94)
Analyzing VHDL file 'D:\datos\proyectos\43_Tang_Nano_20k\95_MSXgoauld_tn20k\tn_vdp_v3_v9958\src\vdp\vdp_package.vhd'
Analyzing package 'vdp_package'("D:\datos\proyectos\43_Tang_Nano_20k\95_MSXgoauld_tn20k\tn_vdp_v3_v9958\src\vdp\vdp_package.vhd":82)
WARN  (EX4319) : Shared variables must be of a protected type("D:\datos\proyectos\43_Tang_Nano_20k\95_MSXgoauld_tn20k\tn_vdp_v3_v9958\src\vdp\vdp_package.vhd":116)
WARN  (EX4319) : Shared variables must be of a protected type("D:\datos\proyectos\43_Tang_Nano_20k\95_MSXgoauld_tn20k\tn_vdp_v3_v9958\src\vdp\vdp_package.vhd":117)
Analyzing VHDL file 'D:\datos\proyectos\43_Tang_Nano_20k\95_MSXgoauld_tn20k\src\ocm\swioports.vhd'
Analyzing entity 'switched_io_ports'("D:\datos\proyectos\43_Tang_Nano_20k\95_MSXgoauld_tn20k\src\ocm\swioports.vhd":38)
Analyzing architecture 'rtl'("D:\datos\proyectos\43_Tang_Nano_20k\95_MSXgoauld_tn20k\src\ocm\swioports.vhd":125)
Analyzing VHDL file 'D:\datos\proyectos\43_Tang_Nano_20k\95_MSXgoauld_tn20k\tn_vdp_v3_v9958\src\ram.vhd'
Analyzing entity 'ram'("D:\datos\proyectos\43_Tang_Nano_20k\95_MSXgoauld_tn20k\tn_vdp_v3_v9958\src\ram.vhd":37)
Analyzing architecture 'rtl'("D:\datos\proyectos\43_Tang_Nano_20k\95_MSXgoauld_tn20k\tn_vdp_v3_v9958\src\ram.vhd":47)
Analyzing entity 'palette_rb'("D:\datos\proyectos\43_Tang_Nano_20k\95_MSXgoauld_tn20k\tn_vdp_v3_v9958\src\ram.vhd":73)
Analyzing architecture 'rtl'("D:\datos\proyectos\43_Tang_Nano_20k\95_MSXgoauld_tn20k\tn_vdp_v3_v9958\src\ram.vhd":83)
Analyzing entity 'palette_g'("D:\datos\proyectos\43_Tang_Nano_20k\95_MSXgoauld_tn20k\tn_vdp_v3_v9958\src\ram.vhd":128)
Analyzing architecture 'rtl'("D:\datos\proyectos\43_Tang_Nano_20k\95_MSXgoauld_tn20k\tn_vdp_v3_v9958\src\ram.vhd":138)
Analyzing VHDL file 'D:\datos\proyectos\43_Tang_Nano_20k\95_MSXgoauld_tn20k\tn_vdp_v3_v9958\src\vdp\vdp.vhd'
Analyzing entity 'vdp'("D:\datos\proyectos\43_Tang_Nano_20k\95_MSXgoauld_tn20k\tn_vdp_v3_v9958\src\vdp\vdp.vhd":254)
Analyzing architecture 'rtl'("D:\datos\proyectos\43_Tang_Nano_20k\95_MSXgoauld_tn20k\tn_vdp_v3_v9958\src\vdp\vdp.vhd":312)
Analyzing VHDL file 'D:\datos\proyectos\43_Tang_Nano_20k\95_MSXgoauld_tn20k\tn_vdp_v3_v9958\src\vdp\vdp_colordec.vhd'
Analyzing entity 'vdp_colordec'("D:\datos\proyectos\43_Tang_Nano_20k\95_MSXgoauld_tn20k\tn_vdp_v3_v9958\src\vdp\vdp_colordec.vhd":68)
Analyzing architecture 'rtl'("D:\datos\proyectos\43_Tang_Nano_20k\95_MSXgoauld_tn20k\tn_vdp_v3_v9958\src\vdp\vdp_colordec.vhd":114)
Analyzing VHDL file 'D:\datos\proyectos\43_Tang_Nano_20k\95_MSXgoauld_tn20k\tn_vdp_v3_v9958\src\vdp\vdp_command.vhd'
Analyzing entity 'vdp_command'("D:\datos\proyectos\43_Tang_Nano_20k\95_MSXgoauld_tn20k\tn_vdp_v3_v9958\src\vdp\vdp_command.vhd":67)
Analyzing architecture 'rtl'("D:\datos\proyectos\43_Tang_Nano_20k\95_MSXgoauld_tn20k\tn_vdp_v3_v9958\src\vdp\vdp_command.vhd":105)
Analyzing VHDL file 'D:\datos\proyectos\43_Tang_Nano_20k\95_MSXgoauld_tn20k\tn_vdp_v3_v9958\src\vdp\vdp_doublebuf.vhd'
Analyzing entity 'vdp_doublebuf'("D:\datos\proyectos\43_Tang_Nano_20k\95_MSXgoauld_tn20k\tn_vdp_v3_v9958\src\vdp\vdp_doublebuf.vhd":80)
Analyzing architecture 'rtl'("D:\datos\proyectos\43_Tang_Nano_20k\95_MSXgoauld_tn20k\tn_vdp_v3_v9958\src\vdp\vdp_doublebuf.vhd":96)
Analyzing VHDL file 'D:\datos\proyectos\43_Tang_Nano_20k\95_MSXgoauld_tn20k\tn_vdp_v3_v9958\src\vdp\vdp_graphic123m.vhd'
Analyzing entity 'vdp_graphic123m'("D:\datos\proyectos\43_Tang_Nano_20k\95_MSXgoauld_tn20k\tn_vdp_v3_v9958\src\vdp\vdp_graphic123m.vhd":86)
Analyzing architecture 'rtl'("D:\datos\proyectos\43_Tang_Nano_20k\95_MSXgoauld_tn20k\tn_vdp_v3_v9958\src\vdp\vdp_graphic123m.vhd":117)
Analyzing VHDL file 'D:\datos\proyectos\43_Tang_Nano_20k\95_MSXgoauld_tn20k\tn_vdp_v3_v9958\src\vdp\vdp_graphic4567.vhd'
Analyzing entity 'vdp_graphic4567'("D:\datos\proyectos\43_Tang_Nano_20k\95_MSXgoauld_tn20k\tn_vdp_v3_v9958\src\vdp\vdp_graphic4567.vhd":97)
Analyzing architecture 'rtl'("D:\datos\proyectos\43_Tang_Nano_20k\95_MSXgoauld_tn20k\tn_vdp_v3_v9958\src\vdp\vdp_graphic4567.vhd":137)
Analyzing VHDL file 'D:\datos\proyectos\43_Tang_Nano_20k\95_MSXgoauld_tn20k\tn_vdp_v3_v9958\src\vdp\vdp_hvcounter.vhd'
Analyzing entity 'vdp_hvcounter'("D:\datos\proyectos\43_Tang_Nano_20k\95_MSXgoauld_tn20k\tn_vdp_v3_v9958\src\vdp\vdp_hvcounter.vhd":67)
Analyzing architecture 'rtl'("D:\datos\proyectos\43_Tang_Nano_20k\95_MSXgoauld_tn20k\tn_vdp_v3_v9958\src\vdp\vdp_hvcounter.vhd":90)
WARN  (EX4967) : Cannot read from 'out' object 'hdmi_reset', use 'buffer' or 'inout' instead("D:\datos\proyectos\43_Tang_Nano_20k\95_MSXgoauld_tn20k\tn_vdp_v3_v9958\src\vdp\vdp_hvcounter.vhd":160)
Analyzing VHDL file 'D:\datos\proyectos\43_Tang_Nano_20k\95_MSXgoauld_tn20k\tn_vdp_v3_v9958\src\vdp\vdp_interrupt.vhd'
Analyzing entity 'vdp_interrupt'("D:\datos\proyectos\43_Tang_Nano_20k\95_MSXgoauld_tn20k\tn_vdp_v3_v9958\src\vdp\vdp_interrupt.vhd":65)
Analyzing architecture 'rtl'("D:\datos\proyectos\43_Tang_Nano_20k\95_MSXgoauld_tn20k\tn_vdp_v3_v9958\src\vdp\vdp_interrupt.vhd":82)
Analyzing VHDL file 'D:\datos\proyectos\43_Tang_Nano_20k\95_MSXgoauld_tn20k\tn_vdp_v3_v9958\src\vdp\vdp_linebuf.vhd'
Analyzing entity 'vdp_linebuf'("D:\datos\proyectos\43_Tang_Nano_20k\95_MSXgoauld_tn20k\tn_vdp_v3_v9958\src\vdp\vdp_linebuf.vhd":89)
Analyzing architecture 'rtl'("D:\datos\proyectos\43_Tang_Nano_20k\95_MSXgoauld_tn20k\tn_vdp_v3_v9958\src\vdp\vdp_linebuf.vhd":99)
Analyzing VHDL file 'D:\datos\proyectos\43_Tang_Nano_20k\95_MSXgoauld_tn20k\tn_vdp_v3_v9958\src\vdp\vdp_ntsc_pal.vhd'
Analyzing entity 'vdp_ntsc_pal'("D:\datos\proyectos\43_Tang_Nano_20k\95_MSXgoauld_tn20k\tn_vdp_v3_v9958\src\vdp\vdp_ntsc_pal.vhd":96)
Analyzing architecture 'rtl'("D:\datos\proyectos\43_Tang_Nano_20k\95_MSXgoauld_tn20k\tn_vdp_v3_v9958\src\vdp\vdp_ntsc_pal.vhd":119)
Analyzing VHDL file 'D:\datos\proyectos\43_Tang_Nano_20k\95_MSXgoauld_tn20k\tn_vdp_v3_v9958\src\vdp\vdp_register.vhd'
Analyzing entity 'vdp_register'("D:\datos\proyectos\43_Tang_Nano_20k\95_MSXgoauld_tn20k\tn_vdp_v3_v9958\src\vdp\vdp_register.vhd":89)
Analyzing architecture 'rtl'("D:\datos\proyectos\43_Tang_Nano_20k\95_MSXgoauld_tn20k\tn_vdp_v3_v9958\src\vdp\vdp_register.vhd":205)
Analyzing VHDL file 'D:\datos\proyectos\43_Tang_Nano_20k\95_MSXgoauld_tn20k\tn_vdp_v3_v9958\src\vdp\vdp_spinforam.vhd'
Analyzing entity 'vdp_spinforam'("D:\datos\proyectos\43_Tang_Nano_20k\95_MSXgoauld_tn20k\tn_vdp_v3_v9958\src\vdp\vdp_spinforam.vhd":88)
Analyzing architecture 'rtl'("D:\datos\proyectos\43_Tang_Nano_20k\95_MSXgoauld_tn20k\tn_vdp_v3_v9958\src\vdp\vdp_spinforam.vhd":98)
Analyzing VHDL file 'D:\datos\proyectos\43_Tang_Nano_20k\95_MSXgoauld_tn20k\tn_vdp_v3_v9958\src\vdp\vdp_sprite.vhd'
Analyzing entity 'vdp_sprite'("D:\datos\proyectos\43_Tang_Nano_20k\95_MSXgoauld_tn20k\tn_vdp_v3_v9958\src\vdp\vdp_sprite.vhd":183)
Analyzing architecture 'rtl'("D:\datos\proyectos\43_Tang_Nano_20k\95_MSXgoauld_tn20k\tn_vdp_v3_v9958\src\vdp\vdp_sprite.vhd":233)
Analyzing VHDL file 'D:\datos\proyectos\43_Tang_Nano_20k\95_MSXgoauld_tn20k\tn_vdp_v3_v9958\src\vdp\vdp_ssg.vhd'
Analyzing entity 'vdp_ssg'("D:\datos\proyectos\43_Tang_Nano_20k\95_MSXgoauld_tn20k\tn_vdp_v3_v9958\src\vdp\vdp_ssg.vhd":69)
Analyzing architecture 'rtl'("D:\datos\proyectos\43_Tang_Nano_20k\95_MSXgoauld_tn20k\tn_vdp_v3_v9958\src\vdp\vdp_ssg.vhd":111)
Analyzing VHDL file 'D:\datos\proyectos\43_Tang_Nano_20k\95_MSXgoauld_tn20k\tn_vdp_v3_v9958\src\vdp\vdp_text12.vhd'
Analyzing entity 'vdp_text12'("D:\datos\proyectos\43_Tang_Nano_20k\95_MSXgoauld_tn20k\tn_vdp_v3_v9958\src\vdp\vdp_text12.vhd":104)
Analyzing architecture 'rtl'("D:\datos\proyectos\43_Tang_Nano_20k\95_MSXgoauld_tn20k\tn_vdp_v3_v9958\src\vdp\vdp_text12.vhd":137)
Analyzing VHDL file 'D:\datos\proyectos\43_Tang_Nano_20k\95_MSXgoauld_tn20k\tn_vdp_v3_v9958\src\vdp\vdp_vga.vhd'
Analyzing entity 'vdp_vga'("D:\datos\proyectos\43_Tang_Nano_20k\95_MSXgoauld_tn20k\tn_vdp_v3_v9958\src\vdp\vdp_vga.vhd":102)
Analyzing architecture 'rtl'("D:\datos\proyectos\43_Tang_Nano_20k\95_MSXgoauld_tn20k\tn_vdp_v3_v9958\src\vdp\vdp_vga.vhd":131)
Analyzing VHDL file 'D:\datos\proyectos\43_Tang_Nano_20k\95_MSXgoauld_tn20k\tn_vdp_v3_v9958\src\vdp\vdp_wait_control.vhd'
Analyzing entity 'vdp_wait_control'("D:\datos\proyectos\43_Tang_Nano_20k\95_MSXgoauld_tn20k\tn_vdp_v3_v9958\src\vdp\vdp_wait_control.vhd":59)
Analyzing architecture 'rtl'("D:\datos\proyectos\43_Tang_Nano_20k\95_MSXgoauld_tn20k\tn_vdp_v3_v9958\src\vdp\vdp_wait_control.vhd":78)
Analyzing VHDL file 'D:\datos\proyectos\43_Tang_Nano_20k\95_MSXgoauld_tn20k\tn_vdp_v3_v9958\src\vdp\vencode.vhd'
Analyzing entity 'vencode'("D:\datos\proyectos\43_Tang_Nano_20k\95_MSXgoauld_tn20k\tn_vdp_v3_v9958\src\vdp\vencode.vhd":37)
Analyzing architecture 'rtl'("D:\datos\proyectos\43_Tang_Nano_20k\95_MSXgoauld_tn20k\tn_vdp_v3_v9958\src\vdp\vencode.vhd":57)
WARN  (EX3073) : Port 'io41_id212_n' remains unconnected for this instance("D:\datos\proyectos\43_Tang_Nano_20k\95_MSXgoauld_tn20k\top.v":1648)
Compiling module 'top'("D:\datos\proyectos\43_Tang_Nano_20k\95_MSXgoauld_tn20k\top.v":11)
Compiling module 'CLK_108P'("D:\datos\proyectos\43_Tang_Nano_20k\95_MSXgoauld_tn20k\src\gowin\clk_108p.v":10)
WARN  (EX3670) : Actual bit length 32 differs from formal bit length 1 for port 'reset'("D:\datos\proyectos\43_Tang_Nano_20k\95_MSXgoauld_tn20k\top.v":88)
WARN  (EX3791) : Expression size 3 truncated to fit in target size 2("D:\datos\proyectos\43_Tang_Nano_20k\95_MSXgoauld_tn20k\top.v":96)
Compiling module 'Gowin_CLKDIV'("D:\datos\proyectos\43_Tang_Nano_20k\95_MSXgoauld_tn20k\src\gowin_clkdiv\gowin_clkdiv.v":10)
WARN  (EX3670) : Actual bit length 32 differs from formal bit length 1 for port 'resetn'("D:\datos\proyectos\43_Tang_Nano_20k\95_MSXgoauld_tn20k\top.v":110)
Compiling module 'PINFILTER'("D:\datos\proyectos\43_Tang_Nano_20k\95_MSXgoauld_tn20k\src\wondertang\pinfilter.v":1)
WARN  (EX3670) : Actual bit length 32 differs from formal bit length 1 for port 'reset_n'("D:\datos\proyectos\43_Tang_Nano_20k\95_MSXgoauld_tn20k\top.v":128)
Switching to VHDL mode to elaborate design unit 'Gowin_CLKDIV2'("D:\datos\proyectos\43_Tang_Nano_20k\95_MSXgoauld_tn20k\top.v":181)
Processing 'Gowin_CLKDIV2(Behavioral)'("D:\datos\proyectos\43_Tang_Nano_20k\95_MSXgoauld_tn20k\src\gowin_clkdiv2\gowin_clkdiv2.vhd":13)
WARN  (EX3670) : Actual bit length 32 differs from formal bit length 1 for port 'resetn'("D:\datos\proyectos\43_Tang_Nano_20k\95_MSXgoauld_tn20k\top.v":180)
Returning to Verilog mode to proceed with elaboration("D:\datos\proyectos\43_Tang_Nano_20k\95_MSXgoauld_tn20k\top.v":181)
WARN  (EX3670) : Actual bit length 32 differs from formal bit length 1 for port 'reset_n'("D:\datos\proyectos\43_Tang_Nano_20k\95_MSXgoauld_tn20k\top.v":197)
WARN  (EX3670) : Actual bit length 32 differs from formal bit length 1 for port 'reset_n'("D:\datos\proyectos\43_Tang_Nano_20k\95_MSXgoauld_tn20k\top.v":205)
Switching to VHDL mode to elaborate design unit 'denoise'("D:\datos\proyectos\43_Tang_Nano_20k\95_MSXgoauld_tn20k\top.v":221)
Processing 'denoise(rtl)'("D:\datos\proyectos\43_Tang_Nano_20k\95_MSXgoauld_tn20k\denoise\denoise.vhd":5)
Returning to Verilog mode to proceed with elaboration("D:\datos\proyectos\43_Tang_Nano_20k\95_MSXgoauld_tn20k\top.v":221)
WARN  (EX3670) : Actual bit length 32 differs from formal bit length 1 for port 'reset_n'("D:\datos\proyectos\43_Tang_Nano_20k\95_MSXgoauld_tn20k\top.v":230)
WARN  (EX3670) : Actual bit length 32 differs from formal bit length 1 for port 'reset_n'("D:\datos\proyectos\43_Tang_Nano_20k\95_MSXgoauld_tn20k\top.v":230)
WARN  (EX3670) : Actual bit length 32 differs from formal bit length 1 for port 'reset_n'("D:\datos\proyectos\43_Tang_Nano_20k\95_MSXgoauld_tn20k\top.v":230)
WARN  (EX3670) : Actual bit length 32 differs from formal bit length 1 for port 'reset_n'("D:\datos\proyectos\43_Tang_Nano_20k\95_MSXgoauld_tn20k\top.v":230)
WARN  (EX3670) : Actual bit length 32 differs from formal bit length 1 for port 'reset_n'("D:\datos\proyectos\43_Tang_Nano_20k\95_MSXgoauld_tn20k\top.v":230)
WARN  (EX3670) : Actual bit length 32 differs from formal bit length 1 for port 'reset_n'("D:\datos\proyectos\43_Tang_Nano_20k\95_MSXgoauld_tn20k\top.v":230)
WARN  (EX3670) : Actual bit length 32 differs from formal bit length 1 for port 'reset_n'("D:\datos\proyectos\43_Tang_Nano_20k\95_MSXgoauld_tn20k\top.v":230)
WARN  (EX3670) : Actual bit length 32 differs from formal bit length 1 for port 'reset_n'("D:\datos\proyectos\43_Tang_Nano_20k\95_MSXgoauld_tn20k\top.v":230)
WARN  (EX3791) : Expression size 22 truncated to fit in target size 21("D:\datos\proyectos\43_Tang_Nano_20k\95_MSXgoauld_tn20k\top.v":266)
Switching to VHDL mode to elaborate design unit 'G80a'("D:\datos\proyectos\43_Tang_Nano_20k\95_MSXgoauld_tn20k\top.v":597)
Processing 'G80a(rtl)'("D:\datos\proyectos\43_Tang_Nano_20k\95_MSXgoauld_tn20k\G80A\g80a.vhd":69)
Processing 'T80(iowait=1)(rtl)'("D:\datos\proyectos\43_Tang_Nano_20k\95_MSXgoauld_tn20k\G80A\t80.vhd":73)
Processing 'T80_MCode(rtl)'("D:\datos\proyectos\43_Tang_Nano_20k\95_MSXgoauld_tn20k\G80A\t80_mcode.vhd":71)
Processing 'T80_ALU(rtl)'("D:\datos\proyectos\43_Tang_Nano_20k\95_MSXgoauld_tn20k\G80A\t80_alu.vhd":65)
Processing 'T80_Reg(rtl)'("D:\datos\proyectos\43_Tang_Nano_20k\95_MSXgoauld_tn20k\G80A\t80_reg.vhd":61)
Extracting RAM for identifier 'RegsH'("D:\datos\proyectos\43_Tang_Nano_20k\95_MSXgoauld_tn20k\G80A\t80_reg.vhd":84)
Extracting RAM for identifier 'RegsL'("D:\datos\proyectos\43_Tang_Nano_20k\95_MSXgoauld_tn20k\G80A\t80_reg.vhd":85)
WARN  (EX3670) : Actual bit length 32 differs from formal bit length 1 for port 'NMI_n'("D:\datos\proyectos\43_Tang_Nano_20k\95_MSXgoauld_tn20k\top.v":582)
WARN  (EX3670) : Actual bit length 32 differs from formal bit length 1 for port 'BUSRQ_n'("D:\datos\proyectos\43_Tang_Nano_20k\95_MSXgoauld_tn20k\top.v":583)
Returning to Verilog mode to proceed with elaboration("D:\datos\proyectos\43_Tang_Nano_20k\95_MSXgoauld_tn20k\top.v":597)
Compiling module 'bios_msx2p'("D:\datos\proyectos\43_Tang_Nano_20k\95_MSXgoauld_tn20k\src\bios_msx2p.v":1)
Extracting RAM for identifier 'mem_r'("D:\datos\proyectos\43_Tang_Nano_20k\95_MSXgoauld_tn20k\src\bios_msx2p.v":9)
WARN  (EX3670) : Actual bit length 32 differs from formal bit length 1 for port 'wren'("D:\datos\proyectos\43_Tang_Nano_20k\95_MSXgoauld_tn20k\top.v":714)
Compiling module 'subrom_msx2p'("D:\datos\proyectos\43_Tang_Nano_20k\95_MSXgoauld_tn20k\src\subrom_msx2p.v":1)
Extracting RAM for identifier 'mem_r'("D:\datos\proyectos\43_Tang_Nano_20k\95_MSXgoauld_tn20k\src\subrom_msx2p.v":9)
WARN  (EX3670) : Actual bit length 32 differs from formal bit length 1 for port 'wren'("D:\datos\proyectos\43_Tang_Nano_20k\95_MSXgoauld_tn20k\top.v":739)
Compiling module 'logo_fm'("D:\datos\proyectos\43_Tang_Nano_20k\95_MSXgoauld_tn20k\src\logo_fm.v":1)
Extracting RAM for identifier 'mem_r'("D:\datos\proyectos\43_Tang_Nano_20k\95_MSXgoauld_tn20k\src\logo_fm.v":9)
WARN  (EX3670) : Actual bit length 32 differs from formal bit length 1 for port 'wren'("D:\datos\proyectos\43_Tang_Nano_20k\95_MSXgoauld_tn20k\top.v":755)
Compiling module 'rtc'("D:\datos\proyectos\43_Tang_Nano_20k\95_MSXgoauld_tn20k\src\ocm\rtc.v":53)
Switching to VHDL mode to elaborate design unit 'ram'("D:\datos\proyectos\43_Tang_Nano_20k\95_MSXgoauld_tn20k\src\ocm\rtc.v":287)
Processing 'ram(RTL)'("D:\datos\proyectos\43_Tang_Nano_20k\95_MSXgoauld_tn20k\tn_vdp_v3_v9958\src\ram.vhd":37)
Extracting RAM for identifier 'blkram'("D:\datos\proyectos\43_Tang_Nano_20k\95_MSXgoauld_tn20k\tn_vdp_v3_v9958\src\ram.vhd":49)
Returning to Verilog mode to proceed with elaboration("D:\datos\proyectos\43_Tang_Nano_20k\95_MSXgoauld_tn20k\src\ocm\rtc.v":287)
WARN  (EX3670) : Actual bit length 32 differs from formal bit length 1 for port 'reset'("D:\datos\proyectos\43_Tang_Nano_20k\95_MSXgoauld_tn20k\top.v":775)
WARN  (EX3670) : Actual bit length 32 differs from formal bit length 1 for port 'clkena'("D:\datos\proyectos\43_Tang_Nano_20k\95_MSXgoauld_tn20k\top.v":776)
WARN  (EX3073) : Port 'frame_width' remains unconnected for this instance("D:\datos\proyectos\43_Tang_Nano_20k\95_MSXgoauld_tn20k\tn_vdp_v3_v9958\src\v9958_top.v":471)
WARN  (EX3073) : Port 'frame_width' remains unconnected for this instance("D:\datos\proyectos\43_Tang_Nano_20k\95_MSXgoauld_tn20k\tn_vdp_v3_v9958\src\v9958_top.v":497)
WARN  (EX3073) : Port 'tmds_clock' remains unconnected for this instance("D:\datos\proyectos\43_Tang_Nano_20k\95_MSXgoauld_tn20k\tn_vdp_v3_v9958\src\v9958_top.v":508)
Compiling module 'v9958_top'("D:\datos\proyectos\43_Tang_Nano_20k\95_MSXgoauld_tn20k\tn_vdp_v3_v9958\src\v9958_top.v":3)
Compiling module 'CLK_135'("D:\datos\proyectos\43_Tang_Nano_20k\95_MSXgoauld_tn20k\tn_vdp_v3_v9958\src\gowin\clk_135.v":10)
Switching to VHDL mode to elaborate design unit 'VDP'("D:\datos\proyectos\43_Tang_Nano_20k\95_MSXgoauld_tn20k\tn_vdp_v3_v9958\src\v9958_top.v":334)
Processing 'VDP(RTL)'("D:\datos\proyectos\43_Tang_Nano_20k\95_MSXgoauld_tn20k\tn_vdp_v3_v9958\src\vdp\vdp.vhd":254)
Processing 'VDP_NTSC_PAL(RTL)'("D:\datos\proyectos\43_Tang_Nano_20k\95_MSXgoauld_tn20k\tn_vdp_v3_v9958\src\vdp\vdp_ntsc_pal.vhd":96)
Processing 'VDP_VGA(RTL)'("D:\datos\proyectos\43_Tang_Nano_20k\95_MSXgoauld_tn20k\tn_vdp_v3_v9958\src\vdp\vdp_vga.vhd":102)
Processing 'VDP_DOUBLEBUF(RTL)'("D:\datos\proyectos\43_Tang_Nano_20k\95_MSXgoauld_tn20k\tn_vdp_v3_v9958\src\vdp\vdp_doublebuf.vhd":80)
Processing 'VDP_LINEBUF(RTL)'("D:\datos\proyectos\43_Tang_Nano_20k\95_MSXgoauld_tn20k\tn_vdp_v3_v9958\src\vdp\vdp_linebuf.vhd":89)
Extracting RAM for identifier 'IMEM'("D:\datos\proyectos\43_Tang_Nano_20k\95_MSXgoauld_tn20k\tn_vdp_v3_v9958\src\vdp\vdp_linebuf.vhd":101)
Processing 'VDP_INTERRUPT(RTL)'("D:\datos\proyectos\43_Tang_Nano_20k\95_MSXgoauld_tn20k\tn_vdp_v3_v9958\src\vdp\vdp_interrupt.vhd":65)
Processing 'VDP_SSG(RTL)'("D:\datos\proyectos\43_Tang_Nano_20k\95_MSXgoauld_tn20k\tn_vdp_v3_v9958\src\vdp\vdp_ssg.vhd":69)
Processing 'VDP_HVCOUNTER(RTL)'("D:\datos\proyectos\43_Tang_Nano_20k\95_MSXgoauld_tn20k\tn_vdp_v3_v9958\src\vdp\vdp_hvcounter.vhd":67)
'others' clause is never selected("D:\datos\proyectos\43_Tang_Nano_20k\95_MSXgoauld_tn20k\tn_vdp_v3_v9958\src\vdp\vdp_ssg.vhd":248)
Processing 'VDP_COLORDEC(RTL)'("D:\datos\proyectos\43_Tang_Nano_20k\95_MSXgoauld_tn20k\tn_vdp_v3_v9958\src\vdp\vdp_colordec.vhd":68)
Processing 'VDP_TEXT12(RTL)'("D:\datos\proyectos\43_Tang_Nano_20k\95_MSXgoauld_tn20k\tn_vdp_v3_v9958\src\vdp\vdp_text12.vhd":104)
'others' clause is never selected("D:\datos\proyectos\43_Tang_Nano_20k\95_MSXgoauld_tn20k\tn_vdp_v3_v9958\src\vdp\vdp_text12.vhd":344)
'others' clause is never selected("D:\datos\proyectos\43_Tang_Nano_20k\95_MSXgoauld_tn20k\tn_vdp_v3_v9958\src\vdp\vdp_text12.vhd":402)
Processing 'VDP_GRAPHIC123M(RTL)'("D:\datos\proyectos\43_Tang_Nano_20k\95_MSXgoauld_tn20k\tn_vdp_v3_v9958\src\vdp\vdp_graphic123m.vhd":86)
Processing 'VDP_GRAPHIC4567(RTL)'("D:\datos\proyectos\43_Tang_Nano_20k\95_MSXgoauld_tn20k\tn_vdp_v3_v9958\src\vdp\vdp_graphic4567.vhd":97)
'others' clause is never selected("D:\datos\proyectos\43_Tang_Nano_20k\95_MSXgoauld_tn20k\tn_vdp_v3_v9958\src\vdp\vdp_graphic4567.vhd":298)
'others' clause is never selected("D:\datos\proyectos\43_Tang_Nano_20k\95_MSXgoauld_tn20k\tn_vdp_v3_v9958\src\vdp\vdp_graphic4567.vhd":331)
'others' clause is never selected("D:\datos\proyectos\43_Tang_Nano_20k\95_MSXgoauld_tn20k\tn_vdp_v3_v9958\src\vdp\vdp_graphic4567.vhd":373)
Processing 'VDP_SPRITE(RTL)'("D:\datos\proyectos\43_Tang_Nano_20k\95_MSXgoauld_tn20k\tn_vdp_v3_v9958\src\vdp\vdp_sprite.vhd":183)
Processing 'VDP_SPINFORAM(RTL)'("D:\datos\proyectos\43_Tang_Nano_20k\95_MSXgoauld_tn20k\tn_vdp_v3_v9958\src\vdp\vdp_spinforam.vhd":88)
Extracting RAM for identifier 'IMEM'("D:\datos\proyectos\43_Tang_Nano_20k\95_MSXgoauld_tn20k\tn_vdp_v3_v9958\src\vdp\vdp_spinforam.vhd":100)
'others' clause is never selected("D:\datos\proyectos\43_Tang_Nano_20k\95_MSXgoauld_tn20k\tn_vdp_v3_v9958\src\vdp\vdp_sprite.vhd":462)
'others' clause is never selected("D:\datos\proyectos\43_Tang_Nano_20k\95_MSXgoauld_tn20k\tn_vdp_v3_v9958\src\vdp\vdp_sprite.vhd":534)
'others' clause is never selected("D:\datos\proyectos\43_Tang_Nano_20k\95_MSXgoauld_tn20k\tn_vdp_v3_v9958\src\vdp\vdp_sprite.vhd":972)
Processing 'VDP_REGISTER(RTL)'("D:\datos\proyectos\43_Tang_Nano_20k\95_MSXgoauld_tn20k\tn_vdp_v3_v9958\src\vdp\vdp_register.vhd":89)
Processing 'palette_rb(RTL)'("D:\datos\proyectos\43_Tang_Nano_20k\95_MSXgoauld_tn20k\tn_vdp_v3_v9958\src\ram.vhd":73)
Extracting RAM for identifier 'blkram'("D:\datos\proyectos\43_Tang_Nano_20k\95_MSXgoauld_tn20k\tn_vdp_v3_v9958\src\ram.vhd":85)
Processing 'palette_g(RTL)'("D:\datos\proyectos\43_Tang_Nano_20k\95_MSXgoauld_tn20k\tn_vdp_v3_v9958\src\ram.vhd":128)
Extracting RAM for identifier 'blkram'("D:\datos\proyectos\43_Tang_Nano_20k\95_MSXgoauld_tn20k\tn_vdp_v3_v9958\src\ram.vhd":140)
'others' clause is never selected("D:\datos\proyectos\43_Tang_Nano_20k\95_MSXgoauld_tn20k\tn_vdp_v3_v9958\src\vdp\vdp_register.vhd":617)
'others' clause is never selected("D:\datos\proyectos\43_Tang_Nano_20k\95_MSXgoauld_tn20k\tn_vdp_v3_v9958\src\vdp\vdp_register.vhd":647)
Processing 'VDP_COMMAND(RTL)'("D:\datos\proyectos\43_Tang_Nano_20k\95_MSXgoauld_tn20k\tn_vdp_v3_v9958\src\vdp\vdp_command.vhd":67)
WARN  (EX4160) : Latch inferred for net 'NXCOUNT[9]'("D:\datos\proyectos\43_Tang_Nano_20k\95_MSXgoauld_tn20k\tn_vdp_v3_v9958\src\vdp\vdp_command.vhd":783)
Processing 'VDP_WAIT_CONTROL(RTL)'("D:\datos\proyectos\43_Tang_Nano_20k\95_MSXgoauld_tn20k\tn_vdp_v3_v9958\src\vdp\vdp_wait_control.vhd":59)
Returning to Verilog mode to proceed with elaboration("D:\datos\proyectos\43_Tang_Nano_20k\95_MSXgoauld_tn20k\tn_vdp_v3_v9958\src\v9958_top.v":334)
Compiling module 'CLOCK_DIV(CLK_SRC=125.0,CLK_DIV=3.57954545454545)'("D:\datos\proyectos\43_Tang_Nano_20k\95_MSXgoauld_tn20k\tn_vdp_v3_v9958\src\clockdiv.v":24)
WARN  (EX3791) : Expression size 64 truncated to fit in target size 32("D:\datos\proyectos\43_Tang_Nano_20k\95_MSXgoauld_tn20k\tn_vdp_v3_v9958\src\clockdiv.v":35)
WARN  (EX3791) : Expression size 64 truncated to fit in target size 32("D:\datos\proyectos\43_Tang_Nano_20k\95_MSXgoauld_tn20k\tn_vdp_v3_v9958\src\clockdiv.v":36)
WARN  (EX3791) : Expression size 64 truncated to fit in target size 32("D:\datos\proyectos\43_Tang_Nano_20k\95_MSXgoauld_tn20k\tn_vdp_v3_v9958\src\clockdiv.v":38)
WARN  (EX3791) : Expression size 18 truncated to fit in target size 17("D:\datos\proyectos\43_Tang_Nano_20k\95_MSXgoauld_tn20k\tn_vdp_v3_v9958\src\clockdiv.v":54)
WARN  (EX3791) : Expression size 8 truncated to fit in target size 7("D:\datos\proyectos\43_Tang_Nano_20k\95_MSXgoauld_tn20k\tn_vdp_v3_v9958\src\clockdiv.v":57)
Compiling module 'CLOCK_DIV(CLK_SRC=27,CLK_DIV=0.0441)'("D:\datos\proyectos\43_Tang_Nano_20k\95_MSXgoauld_tn20k\tn_vdp_v3_v9958\src\clockdiv.v":24)
WARN  (EX3791) : Expression size 64 truncated to fit in target size 32("D:\datos\proyectos\43_Tang_Nano_20k\95_MSXgoauld_tn20k\tn_vdp_v3_v9958\src\clockdiv.v":35)
WARN  (EX3791) : Expression size 64 truncated to fit in target size 32("D:\datos\proyectos\43_Tang_Nano_20k\95_MSXgoauld_tn20k\tn_vdp_v3_v9958\src\clockdiv.v":36)
WARN  (EX3791) : Expression size 64 truncated to fit in target size 32("D:\datos\proyectos\43_Tang_Nano_20k\95_MSXgoauld_tn20k\tn_vdp_v3_v9958\src\clockdiv.v":38)
WARN  (EX3791) : Expression size 18 truncated to fit in target size 17("D:\datos\proyectos\43_Tang_Nano_20k\95_MSXgoauld_tn20k\tn_vdp_v3_v9958\src\clockdiv.v":54)
WARN  (EX3791) : Expression size 12 truncated to fit in target size 11("D:\datos\proyectos\43_Tang_Nano_20k\95_MSXgoauld_tn20k\tn_vdp_v3_v9958\src\clockdiv.v":57)
Compiling module 'hdmi(VIDEO_ID_CODE=2,VENDOR_NAME=64'b0101010101101110011010110110111001101111011101110110111000000000,PRODUCT_DESCRIPTION=128'b01000110010100000100011101000001000000000000000000000000000000000000000000000000000000000000000000000000000000000000000000000000,START_Y=480)'("D:\datos\proyectos\43_Tang_Nano_20k\95_MSXgoauld_tn20k\tn_vdp_v3_v9958\src\hdmi\hdmi.sv":4)
Compiling module 'packet_picker(VIDEO_ID_CODE=2,VIDEO_RATE=27000000.0,IT_CONTENT=1'b1,AUDIO_BIT_WIDTH=16,AUDIO_RATE=44100,VENDOR_NAME=64'b0101010101101110011010110110111001101111011101110110111000000000,PRODUCT_DESCRIPTION=128'b01000110010100000100011101000001000000000000000000000000000000000000000000000000000000000000000000000000000000000000000000000000,SOURCE_DEVICE_INFORMATION=8'b00000000)'("D:\datos\proyectos\43_Tang_Nano_20k\95_MSXgoauld_tn20k\tn_vdp_v3_v9958\src\hdmi\packet_picker.sv":4)
Extracting RAM for identifier 'audio_sample_word_buffer'("D:\datos\proyectos\43_Tang_Nano_20k\95_MSXgoauld_tn20k\tn_vdp_v3_v9958\src\hdmi\packet_picker.sv":80)
Compiling module 'audio_clock_regeneration_packet(VIDEO_RATE=27000000.0,AUDIO_RATE=44100)'("D:\datos\proyectos\43_Tang_Nano_20k\95_MSXgoauld_tn20k\tn_vdp_v3_v9958\src\hdmi\audio_clock_regeneration_packet.sv":5)
Compiling module 'audio_sample_packet(WORD_LENGTH=4'b0010)'("D:\datos\proyectos\43_Tang_Nano_20k\95_MSXgoauld_tn20k\tn_vdp_v3_v9958\src\hdmi\audio_sample_packet.sv":8)
WARN  (EX3780) : Using initial value of 'CHANNEL_LEFT' since it is never assigned("D:\datos\proyectos\43_Tang_Nano_20k\95_MSXgoauld_tn20k\tn_vdp_v3_v9958\src\hdmi\audio_sample_packet.sv":63)
WARN  (EX3780) : Using initial value of 'CHANNEL_RIGHT' since it is never assigned("D:\datos\proyectos\43_Tang_Nano_20k\95_MSXgoauld_tn20k\tn_vdp_v3_v9958\src\hdmi\audio_sample_packet.sv":64)
Compiling module 'auxiliary_video_information_info_frame(IT_CONTENT=1'b1,VIDEO_ID_CODE=32'sb00000000000000000000000000000010)'("D:\datos\proyectos\43_Tang_Nano_20k\95_MSXgoauld_tn20k\tn_vdp_v3_v9958\src\hdmi\auxiliary_video_information_info_frame.sv":5)
Compiling module 'source_product_description_info_frame(VENDOR_NAME=64'b0101010101101110011010110110111001101111011101110110111000000000,PRODUCT_DESCRIPTION=128'b01000110010100000100011101000001000000000000000000000000000000000000000000000000000000000000000000000000000000000000000000000000,SOURCE_DEVICE_INFORMATION=8'b00000000)'("D:\datos\proyectos\43_Tang_Nano_20k\95_MSXgoauld_tn20k\tn_vdp_v3_v9958\src\hdmi\source_product_description_info_frame.sv":5)
Compiling module 'audio_info_frame'("D:\datos\proyectos\43_Tang_Nano_20k\95_MSXgoauld_tn20k\tn_vdp_v3_v9958\src\hdmi\audio_info_frame.sv":5)
WARN  (EX1998) : Net 'headers[255][23]' does not have a driver("D:\datos\proyectos\43_Tang_Nano_20k\95_MSXgoauld_tn20k\tn_vdp_v3_v9958\src\hdmi\packet_picker.sv":29)
WARN  (EX1998) : Net 'subs[255][3][55]' does not have a driver("D:\datos\proyectos\43_Tang_Nano_20k\95_MSXgoauld_tn20k\tn_vdp_v3_v9958\src\hdmi\packet_picker.sv":30)
Compiling module 'packet_assembler'("D:\datos\proyectos\43_Tang_Nano_20k\95_MSXgoauld_tn20k\tn_vdp_v3_v9958\src\hdmi\packet_assembler.sv":4)
Compiling module 'tmds_channel'("D:\datos\proyectos\43_Tang_Nano_20k\95_MSXgoauld_tn20k\tn_vdp_v3_v9958\src\hdmi\tmds_channel.sv":4)
Compiling module 'tmds_channel(CN=1)'("D:\datos\proyectos\43_Tang_Nano_20k\95_MSXgoauld_tn20k\tn_vdp_v3_v9958\src\hdmi\tmds_channel.sv":4)
Compiling module 'tmds_channel(CN=2)'("D:\datos\proyectos\43_Tang_Nano_20k\95_MSXgoauld_tn20k\tn_vdp_v3_v9958\src\hdmi\tmds_channel.sv":4)
Compiling module 'hdmi(VIDEO_ID_CODE=17,IT_CONTENT=1'b0,VIDEO_REFRESH_RATE=50,VENDOR_NAME=64'b0101010101101110011010110110111001101111011101110110111000000000,PRODUCT_DESCRIPTION=128'b01000110010100000100011101000001000000000000000000000000000000000000000000000000000000000000000000000000000000000000000000000000,START_Y=565)'("D:\datos\proyectos\43_Tang_Nano_20k\95_MSXgoauld_tn20k\tn_vdp_v3_v9958\src\hdmi\hdmi.sv":4)
Compiling module 'packet_picker(VIDEO_ID_CODE=17,VIDEO_RATE=27000000.0,AUDIO_BIT_WIDTH=16,AUDIO_RATE=44100,VENDOR_NAME=64'b0101010101101110011010110110111001101111011101110110111000000000,PRODUCT_DESCRIPTION=128'b01000110010100000100011101000001000000000000000000000000000000000000000000000000000000000000000000000000000000000000000000000000,SOURCE_DEVICE_INFORMATION=8'b00000000)'("D:\datos\proyectos\43_Tang_Nano_20k\95_MSXgoauld_tn20k\tn_vdp_v3_v9958\src\hdmi\packet_picker.sv":4)
Extracting RAM for identifier 'audio_sample_word_buffer'("D:\datos\proyectos\43_Tang_Nano_20k\95_MSXgoauld_tn20k\tn_vdp_v3_v9958\src\hdmi\packet_picker.sv":80)
Compiling module 'auxiliary_video_information_info_frame(VIDEO_ID_CODE=32'sb00000000000000000000000000010001)'("D:\datos\proyectos\43_Tang_Nano_20k\95_MSXgoauld_tn20k\tn_vdp_v3_v9958\src\hdmi\auxiliary_video_information_info_frame.sv":5)
WARN  (EX1998) : Net 'headers[255][23]' does not have a driver("D:\datos\proyectos\43_Tang_Nano_20k\95_MSXgoauld_tn20k\tn_vdp_v3_v9958\src\hdmi\packet_picker.sv":29)
WARN  (EX1998) : Net 'subs[255][3][55]' does not have a driver("D:\datos\proyectos\43_Tang_Nano_20k\95_MSXgoauld_tn20k\tn_vdp_v3_v9958\src\hdmi\packet_picker.sv":30)
WARN  (EX3670) : Actual bit length 10 differs from formal bit length 12 for port 'cx'("D:\datos\proyectos\43_Tang_Nano_20k\95_MSXgoauld_tn20k\tn_vdp_v3_v9958\src\v9958_top.v":494)
Compiling module 'serializer(VIDEO_RATE=0)'("D:\datos\proyectos\43_Tang_Nano_20k\95_MSXgoauld_tn20k\tn_vdp_v3_v9958\src\hdmi\serializer.sv":3)
WARN  (EX1998) : Net 'clk_sdram_w' does not have a driver("D:\datos\proyectos\43_Tang_Nano_20k\95_MSXgoauld_tn20k\tn_vdp_v3_v9958\src\v9958_top.v":106)
WARN  (EX1998) : Net 'clk_sdramp_w' does not have a driver("D:\datos\proyectos\43_Tang_Nano_20k\95_MSXgoauld_tn20k\tn_vdp_v3_v9958\src\v9958_top.v":107)
WARN  (EX3670) : Actual bit length 32 differs from formal bit length 1 for port 's1'("D:\datos\proyectos\43_Tang_Nano_20k\95_MSXgoauld_tn20k\top.v":801)
WARN  (EX3670) : Actual bit length 32 differs from formal bit length 1 for port 'clk_50'("D:\datos\proyectos\43_Tang_Nano_20k\95_MSXgoauld_tn20k\top.v":802)
WARN  (EX3670) : Actual bit length 32 differs from formal bit length 1 for port 'clk_125'("D:\datos\proyectos\43_Tang_Nano_20k\95_MSXgoauld_tn20k\top.v":803)
WARN  (EX3670) : Actual bit length 32 differs from formal bit length 1 for port 'adc_miso'("D:\datos\proyectos\43_Tang_Nano_20k\95_MSXgoauld_tn20k\top.v":825)
WARN  (EX3670) : Actual bit length 32 differs from formal bit length 1 for port 'maxspr_n'("D:\datos\proyectos\43_Tang_Nano_20k\95_MSXgoauld_tn20k\top.v":827)
WARN  (EX3670) : Actual bit length 32 differs from formal bit length 1 for port 'gromclk_ena_n'("D:\datos\proyectos\43_Tang_Nano_20k\95_MSXgoauld_tn20k\top.v":833)
WARN  (EX3670) : Actual bit length 32 differs from formal bit length 1 for port 'cpuclk_ena_n'("D:\datos\proyectos\43_Tang_Nano_20k\95_MSXgoauld_tn20k\top.v":834)
Compiling module 'memory_ctrl'("D:\datos\proyectos\43_Tang_Nano_20k\95_MSXgoauld_tn20k\src\memory.v":3)
WARN  (EX3791) : Expression size 17 truncated to fit in target size 16("D:\datos\proyectos\43_Tang_Nano_20k\95_MSXgoauld_tn20k\src\memory.v":187)
WARN  (EX3791) : Expression size 21 truncated to fit in target size 20("D:\datos\proyectos\43_Tang_Nano_20k\95_MSXgoauld_tn20k\src\memory.v":197)
WARN  (EX3791) : Expression size 6 truncated to fit in target size 5("D:\datos\proyectos\43_Tang_Nano_20k\95_MSXgoauld_tn20k\src\memory.v":207)
WARN  (EX3791) : Expression size 4 truncated to fit in target size 3("D:\datos\proyectos\43_Tang_Nano_20k\95_MSXgoauld_tn20k\src\memory.v":501)
Switching to VHDL mode to elaborate design unit 'YM2149'("D:\datos\proyectos\43_Tang_Nano_20k\95_MSXgoauld_tn20k\top.v":1005)
Processing 'YM2149(RTL)'("D:\datos\proyectos\43_Tang_Nano_20k\95_MSXgoauld_tn20k\PSG_YM2149\YM2149.vhdl":62)
'others' clause is never selected("D:\datos\proyectos\43_Tang_Nano_20k\95_MSXgoauld_tn20k\PSG_YM2149\YM2149.vhdl":169)
'others' clause is never selected("D:\datos\proyectos\43_Tang_Nano_20k\95_MSXgoauld_tn20k\PSG_YM2149\YM2149.vhdl":225)
'others' clause is never selected("D:\datos\proyectos\43_Tang_Nano_20k\95_MSXgoauld_tn20k\PSG_YM2149\YM2149.vhdl":305)
'others' clause is never selected("D:\datos\proyectos\43_Tang_Nano_20k\95_MSXgoauld_tn20k\PSG_YM2149\YM2149.vhdl":529)
'others' clause is never selected("D:\datos\proyectos\43_Tang_Nano_20k\95_MSXgoauld_tn20k\PSG_YM2149\YM2149.vhdl":589)
WARN  (EX3670) : Actual bit length 32 differs from formal bit length 1 for port 'I_A9_L'("D:\datos\proyectos\43_Tang_Nano_20k\95_MSXgoauld_tn20k\top.v":986)
WARN  (EX3670) : Actual bit length 32 differs from formal bit length 1 for port 'I_A8'("D:\datos\proyectos\43_Tang_Nano_20k\95_MSXgoauld_tn20k\top.v":987)
WARN  (EX3670) : Actual bit length 32 differs from formal bit length 1 for port 'I_BC2'("D:\datos\proyectos\43_Tang_Nano_20k\95_MSXgoauld_tn20k\top.v":989)
WARN  (EX3670) : Actual bit length 32 differs from formal bit length 1 for port 'I_SEL_L'("D:\datos\proyectos\43_Tang_Nano_20k\95_MSXgoauld_tn20k\top.v":991)
Returning to Verilog mode to proceed with elaboration("D:\datos\proyectos\43_Tang_Nano_20k\95_MSXgoauld_tn20k\top.v":1005)
Compiling module 'psg_filter'("D:\datos\proyectos\43_Tang_Nano_20k\95_MSXgoauld_tn20k\src\psg_filter.v":1)
WARN  (EX3791) : Expression size 5 truncated to fit in target size 4("D:\datos\proyectos\43_Tang_Nano_20k\95_MSXgoauld_tn20k\src\psg_filter.v":26)
WARN  (EX3791) : Expression size 9 truncated to fit in target size 8("D:\datos\proyectos\43_Tang_Nano_20k\95_MSXgoauld_tn20k\src\psg_filter.v":27)
Switching to VHDL mode to elaborate design unit 'lpf2'("D:\datos\proyectos\43_Tang_Nano_20k\95_MSXgoauld_tn20k\src\psg_filter.v":48)
Processing 'LPF2(msbi=11)(RTL)'("D:\datos\proyectos\43_Tang_Nano_20k\95_MSXgoauld_tn20k\src\ocm\lpf.vhd":102)
Returning to Verilog mode to proceed with elaboration("D:\datos\proyectos\43_Tang_Nano_20k\95_MSXgoauld_tn20k\src\psg_filter.v":48)
Switching to VHDL mode to elaborate design unit 'lpf2'("D:\datos\proyectos\43_Tang_Nano_20k\95_MSXgoauld_tn20k\src\psg_filter.v":58)
Returning to Verilog mode to proceed with elaboration("D:\datos\proyectos\43_Tang_Nano_20k\95_MSXgoauld_tn20k\src\psg_filter.v":58)
Switching to VHDL mode to elaborate design unit 'lpf2'("D:\datos\proyectos\43_Tang_Nano_20k\95_MSXgoauld_tn20k\src\psg_filter.v":68)
Returning to Verilog mode to proceed with elaboration("D:\datos\proyectos\43_Tang_Nano_20k\95_MSXgoauld_tn20k\src\psg_filter.v":68)
Switching to VHDL mode to elaborate design unit 'lpf1'("D:\datos\proyectos\43_Tang_Nano_20k\95_MSXgoauld_tn20k\src\psg_filter.v":78)
Processing 'LPF1(msbi=11)(RTL)'("D:\datos\proyectos\43_Tang_Nano_20k\95_MSXgoauld_tn20k\src\ocm\lpf.vhd":39)
Returning to Verilog mode to proceed with elaboration("D:\datos\proyectos\43_Tang_Nano_20k\95_MSXgoauld_tn20k\src\psg_filter.v":78)
Compiling module 'jt2413'("D:\datos\proyectos\43_Tang_Nano_20k\95_MSXgoauld_tn20k\jtopl\jt2413.v":22)
Compiling module 'jtopll_mmr(OPL_TYPE=11)'("D:\datos\proyectos\43_Tang_Nano_20k\95_MSXgoauld_tn20k\jtopl\jtopll_mmr.v":21)
Compiling module 'jtopl_div(OPL_TYPE=11)'("D:\datos\proyectos\43_Tang_Nano_20k\95_MSXgoauld_tn20k\jtopl\jtopl_div.v":22)
Compiling module 'jtopll_reg'("D:\datos\proyectos\43_Tang_Nano_20k\95_MSXgoauld_tn20k\jtopl\jtopll_reg.v":22)
Compiling module 'jtopl_slot_cnt'("D:\datos\proyectos\43_Tang_Nano_20k\95_MSXgoauld_tn20k\jtopl\jtopl_slot_cnt.v":22)
Compiling module 'jtopl_sh_rst(width=9,stages=3)'("D:\datos\proyectos\43_Tang_Nano_20k\95_MSXgoauld_tn20k\jtopl\jtopl_sh_rst.v":22)
Compiling module 'jtopll_reg_ch'("D:\datos\proyectos\43_Tang_Nano_20k\95_MSXgoauld_tn20k\jtopl\jtopll_reg_ch.v":22)
Compiling module 'jtopl_lfo'("D:\datos\proyectos\43_Tang_Nano_20k\95_MSXgoauld_tn20k\jtopl\jtopl_lfo.v":27)
Compiling module 'jtopl_pg'("D:\datos\proyectos\43_Tang_Nano_20k\95_MSXgoauld_tn20k\jtopl\jtopl_pg.v":22)
Compiling module 'jtopl_noise'("D:\datos\proyectos\43_Tang_Nano_20k\95_MSXgoauld_tn20k\jtopl\jtopl_noise.v":27)
Compiling module 'jtopl_pg_comb'("D:\datos\proyectos\43_Tang_Nano_20k\95_MSXgoauld_tn20k\jtopl\jtopl_pg_comb.v":22)
Compiling module 'jtopl_pm'("D:\datos\proyectos\43_Tang_Nano_20k\95_MSXgoauld_tn20k\jtopl\jtopl_pm.v":23)
Compiling module 'jtopl_pg_inc'("D:\datos\proyectos\43_Tang_Nano_20k\95_MSXgoauld_tn20k\jtopl\jtopl_pg_inc.v":22)
Compiling module 'jtopl_pg_sum'("D:\datos\proyectos\43_Tang_Nano_20k\95_MSXgoauld_tn20k\jtopl\jtopl_pg_sum.v":26)
Extracting RAM for identifier 'factor'("D:\datos\proyectos\43_Tang_Nano_20k\95_MSXgoauld_tn20k\jtopl\jtopl_pg_sum.v":37)
Compiling module 'jtopl_pg_rhy'("D:\datos\proyectos\43_Tang_Nano_20k\95_MSXgoauld_tn20k\jtopl\jtopl_pg_rhy.v":22)
Compiling module 'jtopl_sh_rst(width=19)'("D:\datos\proyectos\43_Tang_Nano_20k\95_MSXgoauld_tn20k\jtopl\jtopl_sh_rst.v":22)
Compiling module 'jtopl_sh_rst(width=10,stages=2)'("D:\datos\proyectos\43_Tang_Nano_20k\95_MSXgoauld_tn20k\jtopl\jtopl_sh_rst.v":22)
Compiling module 'jtopl_eg'("D:\datos\proyectos\43_Tang_Nano_20k\95_MSXgoauld_tn20k\jtopl\jtopl_eg.v":22)
Compiling module 'jtopl_eg_cnt'("D:\datos\proyectos\43_Tang_Nano_20k\95_MSXgoauld_tn20k\jtopl\jtopl_eg_cnt.v":22)
Compiling module 'jtopl_eg_comb'("D:\datos\proyectos\43_Tang_Nano_20k\95_MSXgoauld_tn20k\jtopl\jtopl_eg_comb.v":22)
Compiling module 'jtopl_eg_ctrl'("D:\datos\proyectos\43_Tang_Nano_20k\95_MSXgoauld_tn20k\jtopl\jtopl_eg_ctrl.v":22)
Compiling module 'jtopl_eg_step'("D:\datos\proyectos\43_Tang_Nano_20k\95_MSXgoauld_tn20k\jtopl\jtopl_eg_step.v":22)
Compiling module 'jtopl_eg_pure'("D:\datos\proyectos\43_Tang_Nano_20k\95_MSXgoauld_tn20k\jtopl\jtopl_eg_pure.v":22)
Compiling module 'jtopl_eg_final'("D:\datos\proyectos\43_Tang_Nano_20k\95_MSXgoauld_tn20k\jtopl\jtopl_eg_final.v":22)
Extracting RAM for identifier 'ksl_lut'("D:\datos\proyectos\43_Tang_Nano_20k\95_MSXgoauld_tn20k\jtopl\jtopl_eg_final.v":38)
Compiling module 'jtopl_sh(width=1,stages=18)'("D:\datos\proyectos\43_Tang_Nano_20k\95_MSXgoauld_tn20k\jtopl\jtopl_sh.v":22)
Compiling module 'jtopl_sh(width=4,stages=3)'("D:\datos\proyectos\43_Tang_Nano_20k\95_MSXgoauld_tn20k\jtopl\jtopl_sh.v":22)
Compiling module 'jtopl_sh(width=3,stages=3)'("D:\datos\proyectos\43_Tang_Nano_20k\95_MSXgoauld_tn20k\jtopl\jtopl_sh.v":22)
Compiling module 'jtopl_sh_rst(width=10,stages=15,rstval=1'b1)'("D:\datos\proyectos\43_Tang_Nano_20k\95_MSXgoauld_tn20k\jtopl\jtopl_sh_rst.v":22)
Compiling module 'jtopl_sh_rst(width=3,rstval=1'b1)'("D:\datos\proyectos\43_Tang_Nano_20k\95_MSXgoauld_tn20k\jtopl\jtopl_sh_rst.v":22)
Compiling module 'jtopl_sh_rst(width=1)'("D:\datos\proyectos\43_Tang_Nano_20k\95_MSXgoauld_tn20k\jtopl\jtopl_sh_rst.v":22)
Compiling module 'jtopl_op(OPL_TYPE=11)'("D:\datos\proyectos\43_Tang_Nano_20k\95_MSXgoauld_tn20k\jtopl\jtopl_op.v":26)
Compiling module 'jtopl_sh(width=9,stages=3)'("D:\datos\proyectos\43_Tang_Nano_20k\95_MSXgoauld_tn20k\jtopl\jtopl_sh.v":22)
Compiling module 'jtopl_sh(width=2,stages=3)'("D:\datos\proyectos\43_Tang_Nano_20k\95_MSXgoauld_tn20k\jtopl\jtopl_sh.v":22)
Compiling module 'jtopl_sh(width=26,stages=3)'("D:\datos\proyectos\43_Tang_Nano_20k\95_MSXgoauld_tn20k\jtopl\jtopl_sh.v":22)
Compiling module 'jtopl_logsin'("D:\datos\proyectos\43_Tang_Nano_20k\95_MSXgoauld_tn20k\jtopl\jtopl_logsin.v":26)
Extracting RAM for identifier 'sinelut'("D:\datos\proyectos\43_Tang_Nano_20k\95_MSXgoauld_tn20k\jtopl\jtopl_logsin.v":33)
Compiling module 'jtopl_exprom'("D:\datos\proyectos\43_Tang_Nano_20k\95_MSXgoauld_tn20k\jtopl\jtopl_exprom.v":33)
Extracting RAM for identifier 'explut_jt51'("D:\datos\proyectos\43_Tang_Nano_20k\95_MSXgoauld_tn20k\jtopl\jtopl_exprom.v":41)
Compiling module 'jtopl_acc'("D:\datos\proyectos\43_Tang_Nano_20k\95_MSXgoauld_tn20k\jtopl\jtopl_acc.v":23)
Compiling module 'jtopl_single_acc'("D:\datos\proyectos\43_Tang_Nano_20k\95_MSXgoauld_tn20k\jtopl\jtopl_single_acc.v":26)
Switching to VHDL mode to elaborate design unit 'scc_wave2'("D:\datos\proyectos\43_Tang_Nano_20k\95_MSXgoauld_tn20k\top.v":1094)
Processing 'scc_wave2(rtl)'("D:\datos\proyectos\43_Tang_Nano_20k\95_MSXgoauld_tn20k\src\ocm\scc_wave2.vhd":79)
Processing 'scc_wave_mul(rtl)'("D:\datos\proyectos\43_Tang_Nano_20k\95_MSXgoauld_tn20k\src\ocm\scc_wave2.vhd":39)
Returning to Verilog mode to proceed with elaboration("D:\datos\proyectos\43_Tang_Nano_20k\95_MSXgoauld_tn20k\top.v":1094)
Compiling module 'megaram_scc'("D:\datos\proyectos\43_Tang_Nano_20k\95_MSXgoauld_tn20k\src\megaram.v":1)
Switching to VHDL mode to elaborate design unit 'monostable'("D:\datos\proyectos\43_Tang_Nano_20k\95_MSXgoauld_tn20k\top.v":1249)
Processing 'monostable(rtl)'("D:\datos\proyectos\43_Tang_Nano_20k\95_MSXgoauld_tn20k\monostable\monostable.vhd":7)
Returning to Verilog mode to proceed with elaboration("D:\datos\proyectos\43_Tang_Nano_20k\95_MSXgoauld_tn20k\top.v":1249)
WARN  (EX2420) : Latch inferred for net 'config_mapper_slot_ff[1]'; We do not recommend the use of latches in FPGA designs, as they may lead to timing problems("D:\datos\proyectos\43_Tang_Nano_20k\95_MSXgoauld_tn20k\top.v":1273)
Compiling module 'flash(STARTUP_WAIT=1)'("D:\datos\proyectos\43_Tang_Nano_20k\95_MSXgoauld_tn20k\src\wondertang\flash.v":2)
WARN  (EX3780) : Using initial value of 'command' since it is never assigned("D:\datos\proyectos\43_Tang_Nano_20k\95_MSXgoauld_tn20k\src\wondertang\flash.v":40)
WARN  (EX3791) : Expression size 32 truncated to fit in target size 9("D:\datos\proyectos\43_Tang_Nano_20k\95_MSXgoauld_tn20k\src\wondertang\flash.v":94)
WARN  (EX3791) : Expression size 25 truncated to fit in target size 24("D:\datos\proyectos\43_Tang_Nano_20k\95_MSXgoauld_tn20k\top.v":1398)
Compiling module 'dpram(widthad_a=9)'("D:\datos\proyectos\43_Tang_Nano_20k\95_MSXgoauld_tn20k\src\wondertang\dpram.v":1)
WARN  (EX3791) : Expression size 64 truncated to fit in target size 32("D:\datos\proyectos\43_Tang_Nano_20k\95_MSXgoauld_tn20k\src\wondertang\dpram.v":21)
Extracting RAM for identifier 'mem_r'("D:\datos\proyectos\43_Tang_Nano_20k\95_MSXgoauld_tn20k\src\wondertang\dpram.v":23)
Compiling module 'sd_reader'("D:\datos\proyectos\43_Tang_Nano_20k\95_MSXgoauld_tn20k\src\wondertang\sd_reader.sv":11)
WARN  (EX3791) : Expression size 5 truncated to fit in target size 4("D:\datos\proyectos\43_Tang_Nano_20k\95_MSXgoauld_tn20k\src\wondertang\sd_reader.sv":125)
Compiling module 'sdcmd_ctrl'("D:\datos\proyectos\43_Tang_Nano_20k\95_MSXgoauld_tn20k\src\wondertang\sdcmd_ctrl.sv":10)
WARN  (EX3771) : Module instantiation should have an instance name("D:\datos\proyectos\43_Tang_Nano_20k\95_MSXgoauld_tn20k\src\wondertang\sd_reader.sv":304)
Compiling module 'sd_crc_16'("D:\datos\proyectos\43_Tang_Nano_20k\95_MSXgoauld_tn20k\src\wondertang\crc16.v":5)
Switching to VHDL mode to elaborate design unit 'switched_io_ports'("D:\datos\proyectos\43_Tang_Nano_20k\95_MSXgoauld_tn20k\top.v":1648)
Processing 'switched_io_ports(RTL)'("D:\datos\proyectos\43_Tang_Nano_20k\95_MSXgoauld_tn20k\src\ocm\swioports.vhd":38)
WARN  (EX3670) : Actual bit length 32 differs from formal bit length 1 for port 'power_on_reset'("D:\datos\proyectos\43_Tang_Nano_20k\95_MSXgoauld_tn20k\top.v":1639)
Returning to Verilog mode to proceed with elaboration("D:\datos\proyectos\43_Tang_Nano_20k\95_MSXgoauld_tn20k\top.v":1648)
Compiling module 'timing_debug'("D:\datos\proyectos\43_Tang_Nano_20k\95_MSXgoauld_tn20k\msx_debug\timing_debug.v":2)
Extracting RAM for identifier 'print_seq'("D:\datos\proyectos\43_Tang_Nano_20k\95_MSXgoauld_tn20k\msx_debug\print.v":6)
Compiling module 'pulse_min'("D:\datos\proyectos\43_Tang_Nano_20k\95_MSXgoauld_tn20k\pulse_min_max\pulse_min.v":1)
WARN  (EX3791) : Expression size 9 truncated to fit in target size 8("D:\datos\proyectos\43_Tang_Nano_20k\95_MSXgoauld_tn20k\pulse_min_max\pulse_min.v":61)
Compiling module 'pulse_max'("D:\datos\proyectos\43_Tang_Nano_20k\95_MSXgoauld_tn20k\pulse_min_max\pulse_max.v":1)
WARN  (EX3791) : Expression size 9 truncated to fit in target size 8("D:\datos\proyectos\43_Tang_Nano_20k\95_MSXgoauld_tn20k\pulse_min_max\pulse_max.v":61)
Compiling module 'uart_tx_V2'("D:\datos\proyectos\43_Tang_Nano_20k\95_MSXgoauld_tn20k\src\uart_tx.v":1)
WARN  (EX3791) : Expression size 11 truncated to fit in target size 10("D:\datos\proyectos\43_Tang_Nano_20k\95_MSXgoauld_tn20k\src\uart_tx.v":49)
WARN  (EX3791) : Expression size 9 truncated to fit in target size 8("D:\datos\proyectos\43_Tang_Nano_20k\95_MSXgoauld_tn20k\msx_debug\timing_debug.v":159)
WARN  (EX3791) : Expression size 9 truncated to fit in target size 8("D:\datos\proyectos\43_Tang_Nano_20k\95_MSXgoauld_tn20k\msx_debug\timing_debug.v":209)
WARN  (EX1998) : Net 'send' does not have a driver("D:\datos\proyectos\43_Tang_Nano_20k\95_MSXgoauld_tn20k\top.v":1686)
WARN  (EX2565) : Input 'ff_dip_req[7]' on this instance is undriven. Assigning to 0, simulation mismatch possible. Please assign the input or remove the declaration("D:\datos\proyectos\43_Tang_Nano_20k\95_MSXgoauld_tn20k\top.v":1636)
WARN  (EX2565) : Input 'ff_dip_req[6]' on this instance is undriven. Assigning to 0, simulation mismatch possible. Please assign the input or remove the declaration("D:\datos\proyectos\43_Tang_Nano_20k\95_MSXgoauld_tn20k\top.v":1636)
WARN  (EX2565) : Input 'ff_dip_req[5]' on this instance is undriven. Assigning to 0, simulation mismatch possible. Please assign the input or remove the declaration("D:\datos\proyectos\43_Tang_Nano_20k\95_MSXgoauld_tn20k\top.v":1636)
WARN  (EX2565) : Input 'ff_dip_req[4]' on this instance is undriven. Assigning to 0, simulation mismatch possible. Please assign the input or remove the declaration("D:\datos\proyectos\43_Tang_Nano_20k\95_MSXgoauld_tn20k\top.v":1636)
WARN  (EX2565) : Input 'ff_dip_req[3]' on this instance is undriven. Assigning to 0, simulation mismatch possible. Please assign the input or remove the declaration("D:\datos\proyectos\43_Tang_Nano_20k\95_MSXgoauld_tn20k\top.v":1636)
WARN  (EX2565) : Input 'ff_dip_req[2]' on this instance is undriven. Assigning to 0, simulation mismatch possible. Please assign the input or remove the declaration("D:\datos\proyectos\43_Tang_Nano_20k\95_MSXgoauld_tn20k\top.v":1636)
WARN  (EX2565) : Input 'ff_dip_req[1]' on this instance is undriven. Assigning to 0, simulation mismatch possible. Please assign the input or remove the declaration("D:\datos\proyectos\43_Tang_Nano_20k\95_MSXgoauld_tn20k\top.v":1636)
WARN  (EX2565) : Input 'ff_dip_req[0]' on this instance is undriven. Assigning to 0, simulation mismatch possible. Please assign the input or remove the declaration("D:\datos\proyectos\43_Tang_Nano_20k\95_MSXgoauld_tn20k\top.v":1636)
WARN  (EX2565) : Input 'Scro' on this instance is undriven. Assigning to 0, simulation mismatch possible. Please assign the input or remove the declaration("D:\datos\proyectos\43_Tang_Nano_20k\95_MSXgoauld_tn20k\top.v":1636)
WARN  (EX2565) : Input 'ff_Scro' on this instance is undriven. Assigning to 0, simulation mismatch possible. Please assign the input or remove the declaration("D:\datos\proyectos\43_Tang_Nano_20k\95_MSXgoauld_tn20k\top.v":1636)
WARN  (EX2565) : Input 'Reso' on this instance is undriven. Assigning to 0, simulation mismatch possible. Please assign the input or remove the declaration("D:\datos\proyectos\43_Tang_Nano_20k\95_MSXgoauld_tn20k\top.v":1636)
WARN  (EX2565) : Input 'ff_Reso' on this instance is undriven. Assigning to 0, simulation mismatch possible. Please assign the input or remove the declaration("D:\datos\proyectos\43_Tang_Nano_20k\95_MSXgoauld_tn20k\top.v":1636)
WARN  (EX2565) : Input 'FKeys[7]' on this instance is undriven. Assigning to 0, simulation mismatch possible. Please assign the input or remove the declaration("D:\datos\proyectos\43_Tang_Nano_20k\95_MSXgoauld_tn20k\top.v":1636)
WARN  (EX2565) : Input 'FKeys[6]' on this instance is undriven. Assigning to 0, simulation mismatch possible. Please assign the input or remove the declaration("D:\datos\proyectos\43_Tang_Nano_20k\95_MSXgoauld_tn20k\top.v":1636)
WARN  (EX2565) : Input 'FKeys[5]' on this instance is undriven. Assigning to 0, simulation mismatch possible. Please assign the input or remove the declaration("D:\datos\proyectos\43_Tang_Nano_20k\95_MSXgoauld_tn20k\top.v":1636)
WARN  (EX2565) : Input 'FKeys[4]' on this instance is undriven. Assigning to 0, simulation mismatch possible. Please assign the input or remove the declaration("D:\datos\proyectos\43_Tang_Nano_20k\95_MSXgoauld_tn20k\top.v":1636)
WARN  (EX2565) : Input 'FKeys[3]' on this instance is undriven. Assigning to 0, simulation mismatch possible. Please assign the input or remove the declaration("D:\datos\proyectos\43_Tang_Nano_20k\95_MSXgoauld_tn20k\top.v":1636)
WARN  (EX2565) : Input 'FKeys[2]' on this instance is undriven. Assigning to 0, simulation mismatch possible. Please assign the input or remove the declaration("D:\datos\proyectos\43_Tang_Nano_20k\95_MSXgoauld_tn20k\top.v":1636)
WARN  (EX2565) : Input 'FKeys[1]' on this instance is undriven. Assigning to 0, simulation mismatch possible. Please assign the input or remove the declaration("D:\datos\proyectos\43_Tang_Nano_20k\95_MSXgoauld_tn20k\top.v":1636)
WARN  (EX2565) : Input 'FKeys[0]' on this instance is undriven. Assigning to 0, simulation mismatch possible. Please assign the input or remove the declaration("D:\datos\proyectos\43_Tang_Nano_20k\95_MSXgoauld_tn20k\top.v":1636)
WARN  (EX2565) : Input 'vFKeys[7]' on this instance is undriven. Assigning to 0, simulation mismatch possible. Please assign the input or remove the declaration("D:\datos\proyectos\43_Tang_Nano_20k\95_MSXgoauld_tn20k\top.v":1636)
WARN  (EX2565) : Input 'vFKeys[6]' on this instance is undriven. Assigning to 0, simulation mismatch possible. Please assign the input or remove the declaration("D:\datos\proyectos\43_Tang_Nano_20k\95_MSXgoauld_tn20k\top.v":1636)
WARN  (EX2565) : Input 'vFKeys[5]' on this instance is undriven. Assigning to 0, simulation mismatch possible. Please assign the input or remove the declaration("D:\datos\proyectos\43_Tang_Nano_20k\95_MSXgoauld_tn20k\top.v":1636)
WARN  (EX2565) : Input 'vFKeys[4]' on this instance is undriven. Assigning to 0, simulation mismatch possible. Please assign the input or remove the declaration("D:\datos\proyectos\43_Tang_Nano_20k\95_MSXgoauld_tn20k\top.v":1636)
WARN  (EX2565) : Input 'vFKeys[3]' on this instance is undriven. Assigning to 0, simulation mismatch possible. Please assign the input or remove the declaration("D:\datos\proyectos\43_Tang_Nano_20k\95_MSXgoauld_tn20k\top.v":1636)
WARN  (EX2565) : Input 'vFKeys[2]' on this instance is undriven. Assigning to 0, simulation mismatch possible. Please assign the input or remove the declaration("D:\datos\proyectos\43_Tang_Nano_20k\95_MSXgoauld_tn20k\top.v":1636)
WARN  (EX2565) : Input 'vFKeys[1]' on this instance is undriven. Assigning to 0, simulation mismatch possible. Please assign the input or remove the declaration("D:\datos\proyectos\43_Tang_Nano_20k\95_MSXgoauld_tn20k\top.v":1636)
WARN  (EX2565) : Input 'vFKeys[0]' on this instance is undriven. Assigning to 0, simulation mismatch possible. Please assign the input or remove the declaration("D:\datos\proyectos\43_Tang_Nano_20k\95_MSXgoauld_tn20k\top.v":1636)
WARN  (EX2565) : Input 'ff_ldbios_n' on this instance is undriven. Assigning to 0, simulation mismatch possible. Please assign the input or remove the declaration("D:\datos\proyectos\43_Tang_Nano_20k\95_MSXgoauld_tn20k\top.v":1636)
WARN  (EX2565) : Input 'SdrSize[1]' on this instance is undriven. Assigning to 0, simulation mismatch possible. Please assign the input or remove the declaration("D:\datos\proyectos\43_Tang_Nano_20k\95_MSXgoauld_tn20k\top.v":1636)
WARN  (EX2565) : Input 'SdrSize[0]' on this instance is undriven. Assigning to 0, simulation mismatch possible. Please assign the input or remove the declaration("D:\datos\proyectos\43_Tang_Nano_20k\95_MSXgoauld_tn20k\top.v":1636)
NOTE  (EX0101) : Current top module is "top"
WARN  (EX0211) : The output port "adc_clk" of module "v9958_top" has no driver, assigning undriven bits to Z, simulation mismatch possible("D:\datos\proyectos\43_Tang_Nano_20k\95_MSXgoauld_tn20k\tn_vdp_v3_v9958\src\v9958_top.v":28)
WARN  (EX0211) : The output port "adc_cs" of module "v9958_top" has no driver, assigning undriven bits to Z, simulation mismatch possible("D:\datos\proyectos\43_Tang_Nano_20k\95_MSXgoauld_tn20k\tn_vdp_v3_v9958\src\v9958_top.v":29)
WARN  (EX0211) : The output port "adc_mosi" of module "v9958_top" has no driver, assigning undriven bits to Z, simulation mismatch possible("D:\datos\proyectos\43_Tang_Nano_20k\95_MSXgoauld_tn20k\tn_vdp_v3_v9958\src\v9958_top.v":30)
[5%] Running netlist conversion ...
WARN  (CV0016) : Input s1 is unused("D:\datos\proyectos\43_Tang_Nano_20k\95_MSXgoauld_tn20k\top.v":13)
WARN  (CV0016) : Input s2 is unused("D:\datos\proyectos\43_Tang_Nano_20k\95_MSXgoauld_tn20k\top.v":14)
Running device independent optimization ...
WARN  (DI0003) : Latch inferred for net 'env_vol[4]';We do not recommend the use of latches in FPGA designs, as they may lead to timing problems("D:\datos\proyectos\43_Tang_Nano_20k\95_MSXgoauld_tn20k\PSG_YM2149\YM2149.vhdl":511)
WARN  (DI0003) : Latch inferred for net 'env_vol[3]';We do not recommend the use of latches in FPGA designs, as they may lead to timing problems("D:\datos\proyectos\43_Tang_Nano_20k\95_MSXgoauld_tn20k\PSG_YM2149\YM2149.vhdl":511)
WARN  (DI0003) : Latch inferred for net 'env_vol[2]';We do not recommend the use of latches in FPGA designs, as they may lead to timing problems("D:\datos\proyectos\43_Tang_Nano_20k\95_MSXgoauld_tn20k\PSG_YM2149\YM2149.vhdl":511)
WARN  (DI0003) : Latch inferred for net 'env_vol[1]';We do not recommend the use of latches in FPGA designs, as they may lead to timing problems("D:\datos\proyectos\43_Tang_Nano_20k\95_MSXgoauld_tn20k\PSG_YM2149\YM2149.vhdl":511)
WARN  (DI0003) : Latch inferred for net 'env_vol[0]';We do not recommend the use of latches in FPGA designs, as they may lead to timing problems("D:\datos\proyectos\43_Tang_Nano_20k\95_MSXgoauld_tn20k\PSG_YM2149\YM2149.vhdl":511)
WARN  (DI0003) : Latch inferred for net 'env_inc';We do not recommend the use of latches in FPGA designs, as they may lead to timing problems("D:\datos\proyectos\43_Tang_Nano_20k\95_MSXgoauld_tn20k\PSG_YM2149\YM2149.vhdl":511)
[10%] Optimizing Phase 0 completed
[15%] Optimizing Phase 1 completed
[25%] Optimizing Phase 2 completed
Running inference ...
[30%] Inferring Phase 0 completed
[40%] Inferring Phase 1 completed
[50%] Inferring Phase 2 completed
[55%] Inferring Phase 3 completed
Running technical mapping ...
[60%] Tech-Mapping Phase 0 completed
[65%] Tech-Mapping Phase 1 completed
[75%] Tech-Mapping Phase 2 completed
[80%] Tech-Mapping Phase 3 completed
[90%] Tech-Mapping Phase 4 completed
WARN  (NL0002) : The module "scc_wave_mul" instantiated to "u_mul" is swept in optimizing("D:\datos\proyectos\43_Tang_Nano_20k\95_MSXgoauld_tn20k\src\ocm\scc_wave2.vhd":394)
WARN  (NL0002) : The module "pulse_min" instantiated to "mreq_rd_min_1s1" is swept in optimizing("D:\datos\proyectos\43_Tang_Nano_20k\95_MSXgoauld_tn20k\msx_debug\timing_debug.v":144)
WARN  (NL0002) : The module "CLOCK_DIV" instantiated to "cpuclkd" is swept in optimizing("D:\datos\proyectos\43_Tang_Nano_20k\95_MSXgoauld_tn20k\tn_vdp_v3_v9958\src\v9958_top.v":360)
WARN  (NL0002) : The module "audio_info_frame" instantiated to "audio_info_frame" is swept in optimizing("D:\datos\proyectos\43_Tang_Nano_20k\95_MSXgoauld_tn20k\tn_vdp_v3_v9958\src\hdmi\packet_picker.sv":143)
WARN  (NL0002) : The module "audio_sample_packet" instantiated to "audio_sample_packet" is swept in optimizing("D:\datos\proyectos\43_Tang_Nano_20k\95_MSXgoauld_tn20k\tn_vdp_v3_v9958\src\hdmi\packet_picker.sv":131)
WARN  (NL0002) : The module "auxiliary_video_information_info_frame" instantiated to "auxiliary_video_information_info_frame" is swept in optimizing("D:\datos\proyectos\43_Tang_Nano_20k\95_MSXgoauld_tn20k\tn_vdp_v3_v9958\src\hdmi\packet_picker.sv":137)
WARN  (NL0002) : The module "source_product_description_info_frame" instantiated to "source_product_description_info_frame" is swept in optimizing("D:\datos\proyectos\43_Tang_Nano_20k\95_MSXgoauld_tn20k\tn_vdp_v3_v9958\src\hdmi\packet_picker.sv":140)
WARN  (NL0002) : The module "audio_info_frame" instantiated to "audio_info_frame" is swept in optimizing("D:\datos\proyectos\43_Tang_Nano_20k\95_MSXgoauld_tn20k\tn_vdp_v3_v9958\src\hdmi\packet_picker.sv":143)
WARN  (NL0002) : The module "audio_sample_packet" instantiated to "audio_sample_packet" is swept in optimizing("D:\datos\proyectos\43_Tang_Nano_20k\95_MSXgoauld_tn20k\tn_vdp_v3_v9958\src\hdmi\packet_picker.sv":131)
WARN  (NL0002) : The module "auxiliary_video_information_info_frame" instantiated to "auxiliary_video_information_info_frame" is swept in optimizing("D:\datos\proyectos\43_Tang_Nano_20k\95_MSXgoauld_tn20k\tn_vdp_v3_v9958\src\hdmi\packet_picker.sv":137)
WARN  (NL0002) : The module "source_product_description_info_frame" instantiated to "source_product_description_info_frame" is swept in optimizing("D:\datos\proyectos\43_Tang_Nano_20k\95_MSXgoauld_tn20k\tn_vdp_v3_v9958\src\hdmi\packet_picker.sv":140)
WARN  (NL0002) : The module "VDP_NTSC_PAL" instantiated to "U_VDP_NTSC_PAL" is swept in optimizing("D:\datos\proyectos\43_Tang_Nano_20k\95_MSXgoauld_tn20k\tn_vdp_v3_v9958\src\vdp\vdp.vhd":1051)
WARN  (NL0002) : The module "palette_g" instantiated to "U_PALETTEMEMG" is swept in optimizing("D:\datos\proyectos\43_Tang_Nano_20k\95_MSXgoauld_tn20k\tn_vdp_v3_v9958\src\vdp\vdp_register.vhd":394)
WARN  (NL0002) : The module "VDP_LINEBUF" instantiated to "U_BUF_GE" is swept in optimizing("D:\datos\proyectos\43_Tang_Nano_20k\95_MSXgoauld_tn20k\tn_vdp_v3_v9958\src\vdp\vdp_doublebuf.vhd":128)
WARN  (NL0002) : The module "VDP_LINEBUF" instantiated to "U_BUF_GO" is swept in optimizing("D:\datos\proyectos\43_Tang_Nano_20k\95_MSXgoauld_tn20k\tn_vdp_v3_v9958\src\vdp\vdp_doublebuf.vhd":155)
WARN  (NL0002) : The module "VDP_LINEBUF" instantiated to "U_BUF_RE" is swept in optimizing("D:\datos\proyectos\43_Tang_Nano_20k\95_MSXgoauld_tn20k\tn_vdp_v3_v9958\src\vdp\vdp_doublebuf.vhd":119)
WARN  (NL0002) : The module "VDP_LINEBUF" instantiated to "U_BUF_RO" is swept in optimizing("D:\datos\proyectos\43_Tang_Nano_20k\95_MSXgoauld_tn20k\tn_vdp_v3_v9958\src\vdp\vdp_doublebuf.vhd":146)
[95%] Generate netlist file "D:\datos\proyectos\43_Tang_Nano_20k\95_MSXgoauld_tn20k\impl\gwsynthesis\Z80_goauld.vg" completed
[100%] Generate report file "D:\datos\proyectos\43_Tang_Nano_20k\95_MSXgoauld_tn20k\impl\gwsynthesis\Z80_goauld_syn.rpt.html" completed
GowinSynthesis finish
